Truncate de mails de 
El socio 11 tiene Deuda de 280.00 y no se lo podemos mandar al email  
El socio 12 tiene Deuda de 280.00 y no se lo podemos mandar al email  
El socio 15 tiene Deuda de 280.00 y no se lo podemos mandar al email  
El socio 16 tiene Deuda de 280.00 y no se lo podemos mandar al email  
El socio 17 tiene Deuda de 280.00 y no se lo podemos mandar al email  
El socio 18 tiene Deuda de 280.00 y no se lo podemos mandar al email  
El socio 19 tiene Deuda de 280.00 y no se lo podemos mandar al email  
El socio 20 tiene Deuda de 280.00 y no se lo podemos mandar al email  
El socio 21 tiene Deuda de 280.00 y no se lo podemos mandar al email  
El socio 22 tiene Deuda de 280.00 y no se lo podemos mandar al email  
El socio 23 tiene Deuda de 280.00 y no se lo podemos mandar al email  
El socio 24 tiene Deuda de 280.00 y no se lo podemos mandar al email  
El socio 27 tiene Deuda de 280.00 y no se lo podemos mandar al email  
El socio 28 tiene Deuda de 280.00 y no se lo podemos mandar al email  
El socio 30 tiene Deuda de 280.00 y no se lo podemos mandar al email  
El socio 31 tiene Deuda de 280.00 y no se lo podemos mandar al email  
El socio 32 tiene Deuda de 280.00 y no se lo podemos mandar al email  
El socio 35 tiene Deuda de 280.00 y no se lo podemos mandar al email  
El socio 37 tiene Deuda de 280.00 y no se lo podemos mandar al email  
El socio 38 tiene Deuda de 280.00 y no se lo podemos mandar al email  
El socio 39 tiene Deuda de 280.00 y no se lo podemos mandar al email  
El socio 40 tiene Deuda de 280.00 y no se lo podemos mandar al email  
El socio 41 tiene Deuda de 280.00 y no se lo podemos mandar al email  
El socio 43 tiene Deuda de 280.00 y no se lo podemos mandar al email  
El socio 45 tiene Deuda de 280.00 y no se lo podemos mandar al email  
El socio 46 tiene Deuda de 280.00 y no se lo podemos mandar al email  
El socio 47 tiene Deuda de 280.00 y no se lo podemos mandar al email  
El socio 48 tiene Deuda de 280.00 y no se lo podemos mandar al email  
El socio 49 tiene Deuda de 280.00 y no se lo podemos mandar al email  
El socio 50 tiene Deuda de 280.00 y no se lo podemos mandar al email  
El socio 51 tiene Deuda de 280.00 y no se lo podemos mandar al email  
El socio 52 tiene Deuda de 280.00 y no se lo podemos mandar al email  
El socio 53 tiene Deuda de 280.00 y no se lo podemos mandar al email  
El socio 54 tiene Deuda de 280.00 y no se lo podemos mandar al email  
El socio 55 tiene Deuda de 280.00 y no se lo podemos mandar al email  
El socio 56 tiene Deuda de 280.00 y no se lo podemos mandar al email  
El socio 57 tiene Deuda de 280.00 y no se lo podemos mandar al email  
El socio 59 tiene Deuda de 280.00 y no se lo podemos mandar al email  
El socio 60 tiene Deuda de 280.00 y no se lo podemos mandar al email  
El socio 61 tiene Deuda de 280.00 y no se lo podemos mandar al email  
El socio 62 tiene Deuda de 280.00 y no se lo podemos mandar al email  
El socio 66 tiene Deuda de 280.00 y no se lo podemos mandar al email  
El socio 67 tiene Deuda de 280.00 y se lo mandamos al email oscarruben0829@gmail.com 
El socio 68 tiene Deuda de 280.00 y no se lo podemos mandar al email  
El socio 71 tiene Deuda de 280.00 y no se lo podemos mandar al email  
El socio 75 tiene Deuda de 280.00 y no se lo podemos mandar al email  
El socio 76 tiene Deuda de 280.00 y no se lo podemos mandar al email  
El socio 79 tiene Deuda de 280.00 y no se lo podemos mandar al email  
El socio 80 tiene Deuda de 280.00 y no se lo podemos mandar al email  
El socio 84 tiene Deuda de 280.00 y no se lo podemos mandar al email  
El socio 86 tiene Deuda de 280.00 y no se lo podemos mandar al email  
El socio 90 tiene Deuda de 280.00 y no se lo podemos mandar al email  
El socio 93 tiene Deuda de 280.00 y no se lo podemos mandar al email  
El socio 96 tiene Deuda de 280.00 y no se lo podemos mandar al email  
El socio 98 tiene Deuda de 280.00 y no se lo podemos mandar al email  
El socio 99 tiene Deuda de 280.00 y no se lo podemos mandar al email  
El socio 103 tiene Deuda de 280.00 y no se lo podemos mandar al email  
El socio 105 tiene Deuda de 280.00 y no se lo podemos mandar al email  
El socio 107 tiene Deuda de 280.00 y no se lo podemos mandar al email  
El socio 111 tiene Deuda de 280.00 y no se lo podemos mandar al email EMMANUEL.SIGNORI@TELEFONICA.COM 
El socio 118 tiene Deuda de 280.00 y no se lo podemos mandar al email  
El socio 120 tiene Deuda de 280.00 y no se lo podemos mandar al email  
El socio 121 tiene Deuda de 280.00 y no se lo podemos mandar al email  
El socio 122 tiene Deuda de 280.00 y no se lo podemos mandar al email  
El socio 123 tiene Deuda de 280.00 y no se lo podemos mandar al email GASPAFACA@GMAIL.COM 
El socio 126 tiene Deuda de 280.00 y no se lo podemos mandar al email  
El socio 129 tiene Deuda de 280.00 y no se lo podemos mandar al email  
El socio 131 tiene Deuda de 280.00 y se lo mandamos al email leorabanetti@hotmail.com 
El socio 132 tiene Deuda de 280.00 y no se lo podemos mandar al email  
El socio 133 tiene Deuda de 280.00 y no se lo podemos mandar al email  
