Truncate de mails de 
El socio 1 tiene Deuda de 400.00 y no se lo podemos mandar al email  
El socio 2 tiene Deuda de 400.00 y no se lo podemos mandar al email  
El socio 3 tiene Deuda de 400.00 y no se lo podemos mandar al email  
El socio 4 tiene Deuda de 600.00 y no se lo podemos mandar al email  
El socio 6 tiene Deuda de 600.00 y no se lo podemos mandar al email  
El socio 7 tiene Deuda de 280.00 y no se lo podemos mandar al email  
El socio 8 tiene Deuda de 840.00 y no se lo podemos mandar al email  
El socio 9 tiene Deuda de 3240.00 y no se lo podemos mandar al email  
El socio 10 tiene Deuda de 840.00 y no se lo podemos mandar al email  
El socio 12 tiene Deuda de 840.00 y no se lo podemos mandar al email  
El socio 14 tiene Deuda de 840.00 y no se lo podemos mandar al email  
El socio 15 tiene Deuda de 840.00 y se lo mandamos al email estudiovolpi@gmail.com 
El socio 16 tiene Deuda de 840.00 y no se lo podemos mandar al email  
El socio 18 tiene Deuda de 840.00 y no se lo podemos mandar al email  
El socio 19 tiene Deuda de 840.00 y no se lo podemos mandar al email  
El socio 20 tiene Deuda de 840.00 y no se lo podemos mandar al email  
El socio 21 tiene Deuda de 840.00 y no se lo podemos mandar al email  
El socio 22 tiene Deuda de 840.00 y no se lo podemos mandar al email  
El socio 23 tiene Deuda de 840.00 y no se lo podemos mandar al email martinpeyrano2@GMAIL.COM 
El socio 24 tiene Deuda de 840.00 y no se lo podemos mandar al email  
El socio 26 tiene Deuda de 840.00 y no se lo podemos mandar al email  
El socio 27 tiene Deuda de 840.00 y no se lo podemos mandar al email  
El socio 28 tiene Deuda de 840.00 y no se lo podemos mandar al email  
El socio 30 tiene Deuda de 560.00 y no se lo podemos mandar al email  
El socio 31 tiene Deuda de 840.00 y no se lo podemos mandar al email  
El socio 32 tiene Deuda de 840.00 y no se lo podemos mandar al email  
El socio 35 tiene Deuda de 840.00 y no se lo podemos mandar al email  
El socio 36 tiene Deuda de 840.00 y no se lo podemos mandar al email  
El socio 37 tiene Deuda de 840.00 y no se lo podemos mandar al email  
El socio 38 tiene Deuda de 840.00 y no se lo podemos mandar al email  
El socio 39 tiene Deuda de 840.00 y no se lo podemos mandar al email  
El socio 40 tiene Deuda de 840.00 y no se lo podemos mandar al email  
El socio 41 tiene Deuda de 840.00 y no se lo podemos mandar al email  
El socio 43 tiene Deuda de 840.00 y no se lo podemos mandar al email  
El socio 45 tiene Deuda de 840.00 y no se lo podemos mandar al email  
El socio 47 tiene Deuda de 840.00 y no se lo podemos mandar al email  
El socio 48 tiene Deuda de 840.00 y no se lo podemos mandar al email  
El socio 49 tiene Deuda de 840.00 y no se lo podemos mandar al email  
El socio 50 tiene Deuda de 840.00 y no se lo podemos mandar al email  
El socio 51 tiene Deuda de 840.00 y no se lo podemos mandar al email  
El socio 52 tiene Deuda de 840.00 y no se lo podemos mandar al email  
El socio 53 tiene Deuda de 840.00 y no se lo podemos mandar al email  
El socio 54 tiene Deuda de 840.00 y no se lo podemos mandar al email alejandro12castillo@GMAIL.COM 
El socio 55 tiene Deuda de 840.00 y no se lo podemos mandar al email  
El socio 56 tiene Deuda de 840.00 y no se lo podemos mandar al email  
El socio 57 tiene Deuda de 840.00 y no se lo podemos mandar al email  
El socio 58 tiene Deuda de 600.00 y no se lo podemos mandar al email  
El socio 59 tiene Deuda de 840.00 y no se lo podemos mandar al email  
El socio 60 tiene Deuda de 840.00 y no se lo podemos mandar al email  
El socio 61 tiene Deuda de 840.00 y no se lo podemos mandar al email  
El socio 62 tiene Deuda de 840.00 y no se lo podemos mandar al email  
El socio 63 tiene Deuda de 280.00 y no se lo podemos mandar al email  
El socio 64 tiene Deuda de 600.00 y no se lo podemos mandar al email  
El socio 65 tiene Deuda de 600.00 y no se lo podemos mandar al email  
El socio 66 tiene Deuda de 840.00 y no se lo podemos mandar al email  
El socio 67 tiene Deuda de 280.00 y se lo mandamos al email oscarruben0829@gmail.com 
El socio 68 tiene Deuda de 840.00 y no se lo podemos mandar al email  
El socio 71 tiene Deuda de 840.00 y no se lo podemos mandar al email  
El socio 72 tiene Deuda de 600.00 y no se lo podemos mandar al email  
El socio 73 tiene Deuda de 600.00 y se lo mandamos al email sargentoiturria@gmail.com 
El socio 74 tiene Deuda de 3400.00 y no se lo podemos mandar al email ania.anali@HOTMAIL.COM 
El socio 75 tiene Deuda de 840.00 y no se lo podemos mandar al email  
El socio 76 tiene Deuda de 840.00 y no se lo podemos mandar al email  
El socio 78 tiene Deuda de 1000.00 y se lo mandamos al email pablo.guada@hotmail.com 
El socio 79 tiene Deuda de 840.00 y no se lo podemos mandar al email  
El socio 80 tiene Deuda de 840.00 y no se lo podemos mandar al email  
El socio 84 tiene Deuda de 840.00 y no se lo podemos mandar al email  
El socio 86 tiene Deuda de 840.00 y no se lo podemos mandar al email  
El socio 90 tiene Deuda de 840.00 y no se lo podemos mandar al email  
El socio 93 tiene Deuda de 840.00 y no se lo podemos mandar al email  
El socio 94 tiene Deuda de 600.00 y no se lo podemos mandar al email  
El socio 96 tiene Deuda de 840.00 y no se lo podemos mandar al email  
El socio 98 tiene Deuda de 840.00 y no se lo podemos mandar al email  
El socio 99 tiene Deuda de 840.00 y no se lo podemos mandar al email  
El socio 103 tiene Deuda de 840.00 y no se lo podemos mandar al email  
El socio 105 tiene Deuda de 840.00 y no se lo podemos mandar al email  
El socio 107 tiene Deuda de 840.00 y no se lo podemos mandar al email  
El socio 111 tiene Deuda de 280.00 y se lo mandamos al email emmanuel.signori@telefonica.com 
El socio 118 tiene Deuda de 840.00 y no se lo podemos mandar al email  
El socio 119 tiene Deuda de 360.00 y se lo mandamos al email merinofontaopaula@gmail.com 
El socio 120 tiene Deuda de 840.00 y no se lo podemos mandar al email  
El socio 121 tiene Deuda de 840.00 y no se lo podemos mandar al email  
El socio 122 tiene Deuda de 840.00 y no se lo podemos mandar al email  
El socio 123 tiene Deuda de 840.00 y se lo mandamos al email gaspafaca@gmail.com 
El socio 126 tiene Deuda de 840.00 y no se lo podemos mandar al email  
El socio 129 tiene Deuda de 840.00 y no se lo podemos mandar al email  
El socio 131 tiene Deuda de 840.00 y se lo mandamos al email leorabanetti@hotmail.com 
El socio 132 tiene Deuda de 840.00 y no se lo podemos mandar al email  
El socio 133 tiene Deuda de 840.00 y no se lo podemos mandar al email  
El socio 134 tiene Deuda de 600.00 y no se lo podemos mandar al email  
El socio 144 tiene Deuda de 600.00 y no se lo podemos mandar al email  
El socio 146 tiene Deuda de 450.00 y se lo mandamos al email ceciliaperezmillan@yahoo.com.ar 
El socio 150 tiene Deuda de 840.00 y se lo mandamos al email imanolgarcia_mmo@hotmail.com 
El socio 151 tiene Deuda de 600.00 y se lo mandamos al email veronica_88_2012@hotmail.com 
El socio 153 tiene Deuda de 280.00 y se lo mandamos al email gustavosarolt@yahoo.com.ar 
El socio 173 tiene Deuda de 900.00 y se lo mandamos al email marialdelcarmen.008@gmail.com 
El socio 175 tiene Deuda de 840.00 y se lo mandamos al email rusomaurizzi@hotmail.com 
El socio 177 tiene Deuda de 2000.00 y se lo mandamos al email daianamadrid.dm@gmail.com 
El socio 178 tiene Deuda de 1000.00 y se lo mandamos al email evelyngomezfonseca2001@gmail.com 
El socio 179 tiene Deuda de 900.00 y se lo mandamos al email marioselvo85@hotmail.com 
El socio 184 tiene Deuda de 840.00 y se lo mandamos al email oscarruben0829@gmail.com 
El socio 185 tiene Deuda de 600.00 y se lo mandamos al email paoescude@hotmail.com 
El socio 187 tiene Deuda de 840.00 y se lo mandamos al email adriana-robaina@hotmail.com 
El socio 188 tiene Deuda de 2100.00 y se lo mandamos al email bbrian8@gmail.com 
El socio 189 tiene Deuda de 1100.00 y se lo mandamos al email estefanuribe@hotmail.com 
El socio 190 tiene Deuda de 1100.00 y no se lo podemos mandar al email  
El socio 191 tiene Deuda de 3300.00 y se lo mandamos al email matizapata999@gmail.com 
El socio 192 tiene Deuda de 3300.00 y se lo mandamos al email joaquinwener@gmail.com 
El socio 193 tiene Deuda de 1100.00 y se lo mandamos al email ramiroborelli1212@gmail.com 
El socio 194 tiene Deuda de 3300.00 y se lo mandamos al email cinta.rech86@gmail.com 
El socio 196 tiene Deuda de 1100.00 y se lo mandamos al email gonzaloojeda766@gmail.com 
El socio 197 tiene Deuda de 1100.00 y se lo mandamos al email santiperezz1234@gmail.com 
El socio 198 tiene Deuda de 3300.00 y se lo mandamos al email luissierra1@hotmail.com 
El socio 199 tiene Deuda de 3300.00 y se lo mandamos al email danielsegura_74@hotmail.com 
El socio 203 tiene Deuda de 1100.00 y se lo mandamos al email marce_cocale@hotmail.com 
El socio 208 tiene Deuda de 1100.00 y se lo mandamos al email francodemasiii@gmail.com 
El socio 209 tiene Deuda de 2200.00 y se lo mandamos al email catrilafgraciela@gmil.com 
El socio 212 tiene Deuda de 1100.00 y se lo mandamos al email rociomolina.09@gmail.com 
El socio 214 tiene Deuda de 1100.00 y se lo mandamos al email santiagonicolasmolina10@gmail.com 
El socio 218 tiene Deuda de 3300.00 y se lo mandamos al email albanoschneider100117@gmail.com 
El socio 222 tiene Deuda de 1100.00 y se lo mandamos al email ismaelnungeser@gmail.com 
El socio 224 tiene Deuda de 280.00 y se lo mandamos al email magalitapeyrano@hotmail.com 
El socio 225 tiene Deuda de 3300.00 y no se lo podemos mandar al email  
El socio 227 tiene Deuda de 1100.00 y no se lo podemos mandar al email  
El socio 230 tiene Deuda de 3300.00 y se lo mandamos al email thlinares07@gmail.com 
El socio 232 tiene Deuda de 1100.00 y se lo mandamos al email villalongaeduardo@gmail.com 
El socio 233 tiene Deuda de 1100.00 y se lo mandamos al email faaacu-pons@hotmail.com 
El socio 234 tiene Deuda de 3300.00 y se lo mandamos al email juliibilbao@gmail.com 
El socio 235 tiene Deuda de 3300.00 y se lo mandamos al email brendatondina23@gmail.com 
El socio 236 tiene Deuda de 2200.00 y se lo mandamos al email anisa.elizabeth1989@gmail.com 
El socio 238 tiene Deuda de 2200.00 y se lo mandamos al email mikytobi@hotmail.com 
El socio 240 tiene Deuda de 3300.00 y no se lo podemos mandar al email  
El socio 241 tiene Deuda de 1100.00 y se lo mandamos al email viquiacosta320@gmail.com 
El socio 250 tiene Deuda de 3300.00 y no se lo podemos mandar al email  
El socio 252 tiene Deuda de 3300.00 y no se lo podemos mandar al email  
El socio 253 tiene Deuda de 1100.00 y se lo mandamos al email vf070706@gmail.com 
El socio 256 tiene Deuda de 1100.00 y se lo mandamos al email cintiabulnes@gmail.com 
El socio 258 tiene Deuda de 3300.00 y no se lo podemos mandar al email  
El socio 259 tiene Deuda de 3300.00 y se lo mandamos al email cacheiro.octavio.ivan@gmail.com 
El socio 261 tiene Deuda de 3300.00 y se lo mandamos al email susi.m-1974@hotmail.com 
El socio 266 tiene Deuda de 3000.00 y se lo mandamos al email daiojeda718@gmail.com 
El socio 267 tiene Deuda de 2000.00 y se lo mandamos al email sabrinasosala12@gmail.com 
El socio 269 tiene Deuda de 2000.00 y se lo mandamos al email eliu.cp09@gmail.com 
El socio 270 tiene Deuda de 1000.00 y se lo mandamos al email schattmannlaura@gmail.com 
El socio 271 tiene Deuda de 1000.00 y se lo mandamos al email alejandrapascou58@gmail.com 
El socio 272 tiene Deuda de 1000.00 y no se lo podemos mandar al email  
El socio 280 tiene Deuda de 1300.00 y no se lo podemos mandar al email  
El socio 281 tiene Deuda de 1100.00 y se lo mandamos al email constantinimariano2004@gmail.com 
El socio 282 tiene Deuda de 3300.00 y se lo mandamos al email constantinifranco@gmail.com 
El socio 284 tiene Deuda de 1100.00 y se lo mandamos al email yonii.cu3stas@gmail.com 
El socio 287 tiene Deuda de 2200.00 y se lo mandamos al email carmorales2247@gmail.com 
El socio 288 tiene Deuda de 2200.00 y no se lo podemos mandar al email  
El socio 289 tiene Deuda de 1350.00 y se lo mandamos al email fmaspitia@outlook.com.ar 
El socio 290 tiene Deuda de 1800.00 y no se lo podemos mandar al email  
El socio 291 tiene Deuda de 1100.00 y no se lo podemos mandar al email  
El socio 293 tiene Deuda de 2200.00 y se lo mandamos al email lelyalfaro45@gmail.com 
El socio 295 tiene Deuda de 2200.00 y se lo mandamos al email sergio190483@gmail.com 
El socio 297 tiene Deuda de 2200.00 y se lo mandamos al email matijmartinez17@gmail.com 
El socio 298 tiene Deuda de 2200.00 y se lo mandamos al email gavina1740@gmail.com 
El socio 299 tiene Deuda de 2200.00 y se lo mandamos al email lalomosman81@gmail.com 
El socio 300 tiene Deuda de 2200.00 y se lo mandamos al email cpcleo11@gmail.com 
El socio 301 tiene Deuda de 2200.00 y se lo mandamos al email mariadiez3415@gmail.com 
El socio 303 tiene Deuda de 2200.00 y se lo mandamos al email guillerminadanielacimini@gmail.com 
El socio 304 tiene Deuda de 4000.00 y se lo mandamos al email carinaschwab.acs@gmail.com 
El socio 305 tiene Deuda de 2200.00 y se lo mandamos al email karinaaedre@hotmail.com 
El socio 306 tiene Deuda de 2200.00 y se lo mandamos al email juanutotorres192008@gmail.com 
El socio 307 tiene Deuda de 2200.00 y se lo mandamos al email patoyatu.12@gmail.com 
El socio 308 tiene Deuda de 2200.00 y se lo mandamos al email elianapirchi275@gmail.com 
El socio 310 tiene Deuda de 2200.00 y se lo mandamos al email yonaiglesias@gmail.com 
El socio 311 tiene Deuda de 2200.00 y se lo mandamos al email cjmbecerra@gmail.com 
El socio 312 tiene Deuda de 2200.00 y se lo mandamos al email miguebostero434@gmail.com 
El socio 313 tiene Deuda de 2200.00 y se lo mandamos al email juanpablovitale1@gmail.com 
El socio 314 tiene Deuda de 2200.00 y se lo mandamos al email rikimanfigueroa@gmail.com 
El socio 316 tiene Deuda de 400.00 y se lo mandamos al email jeremiasgutierrez13@gmail.com 
El socio 317 tiene Deuda de 2200.00 y no se lo podemos mandar al email  
El socio 318 tiene Deuda de 2200.00 y no se lo podemos mandar al email  
El socio 320 tiene Deuda de 2200.00 y no se lo podemos mandar al email  
El socio 321 tiene Deuda de 2200.00 y se lo mandamos al email sebaspringer52@gmail.com 
El socio 322 tiene Deuda de 2200.00 y no se lo podemos mandar al email  
El socio 323 tiene Deuda de 2200.00 y se lo mandamos al email alejandrapascon85@gmail.com 
El socio 324 tiene Deuda de 2200.00 y se lo mandamos al email tuamorsis_3@hotmail.com 
El socio 325 tiene Deuda de 2200.00 y se lo mandamos al email ckarina.zzas@gmail.com 
El socio 326 tiene Deuda de 2200.00 y se lo mandamos al email sanmartinf05@gmail.com 
El socio 328 tiene Deuda de 2200.00 y se lo mandamos al email nancychana-21@hotmail.com 
El socio 329 tiene Deuda de 2200.00 y no se lo podemos mandar al email  
El socio 330 tiene Deuda de 2200.00 y se lo mandamos al email giselaroger@hotmail.com 
El socio 331 tiene Deuda de 2200.00 y se lo mandamos al email lucianaramadori@hotmail.com 
El socio 332 tiene Deuda de 2200.00 y no se lo podemos mandar al email  
El socio 333 tiene Deuda de 2200.00 y se lo mandamos al email carinanagarni@gmail.com 
El socio 334 tiene Deuda de 2200.00 y se lo mandamos al email mario7ea@yahoo.com.ar 
El socio 335 tiene Deuda de 2200.00 y se lo mandamos al email marylapaty2021@hotmail.com 
El socio 336 tiene Deuda de 2200.00 y se lo mandamos al email mariadelasmercedes468@gmail.com 
El socio 337 tiene Deuda de 2200.00 y se lo mandamos al email melina.a.pereyra@hotmail.com 
El socio 338 tiene Deuda de 2200.00 y se lo mandamos al email danisasoledad1813@gmail.com 
El socio 339 tiene Deuda de 2200.00 y se lo mandamos al email pao_ehulech@live.com.ar 
El socio 340 tiene Deuda de 2200.00 y se lo mandamos al email camargoalejandra007@gmail.com 
El socio 341 tiene Deuda de 2200.00 y se lo mandamos al email nelsonzinni@yahoo.com.ar 
El socio 342 tiene Deuda de 2200.00 y no se lo podemos mandar al email  
El socio 343 tiene Deuda de 400.00 y se lo mandamos al email verosmenendez@hotmail.com 
El socio 344 tiene Deuda de 2960.00 y no se lo podemos mandar al email  
El socio 346 tiene Deuda de 2200.00 y se lo mandamos al email ortigozagladys5@gmail.com 
El socio 348 tiene Deuda de 2200.00 y se lo mandamos al email jorgeuzielteo@gmail.com 
El socio 349 tiene Deuda de 2200.00 y se lo mandamos al email caritomelinger@gmail.com 
El socio 350 tiene Deuda de 2200.00 y no se lo podemos mandar al email  
El socio 351 tiene Deuda de 2200.00 y se lo mandamos al email ledesmadiego27@gmail.com 
El socio 353 tiene Deuda de 2200.00 y se lo mandamos al email schwamjulianaaylen@gmail.com 
El socio 354 tiene Deuda de 2200.00 y no se lo podemos mandar al email  
El socio 355 tiene Deuda de 2200.00 y se lo mandamos al email alenroma.3338@gmail.com 
El socio 356 tiene Deuda de 2200.00 y se lo mandamos al email elisaseijas96@hotmail.com 
El socio 357 tiene Deuda de 2200.00 y se lo mandamos al email juano363edu@hotmail.com 
El socio 358 tiene Deuda de 2200.00 y se lo mandamos al email andreanoemiavalo@gmail.com 
El socio 359 tiene Deuda de 2200.00 y se lo mandamos al email wagnersolmicaela@gmail.com 
El socio 360 tiene Deuda de 2200.00 y se lo mandamos al email jorgeuzielteo@gmail.com 
El socio 361 tiene Deuda de 2200.00 y se lo mandamos al email seijaselisa96@hotmail.com 
El socio 362 tiene Deuda de 2200.00 y se lo mandamos al email thelmaquintana1303@gmail.com 
El socio 363 tiene Deuda de 2200.00 y se lo mandamos al email gaceneluciano@yahoo.com.ar 
El socio 364 tiene Deuda de 2200.00 y se lo mandamos al email sara.t.castro@hotmail.com 
El socio 369 tiene Deuda de 1650.00 y se lo mandamos al email mdcantiani@gmail.com 
El socio 371 tiene Deuda de 1350.00 y no se lo podemos mandar al email  
El socio 372 tiene Deuda de 900.00 y se lo mandamos al email marciabelentaylor@gmail.com 
El socio 374 tiene Deuda de 550.00 y se lo mandamos al email marciabelentaylor@gmail.com 
El socio 375 tiene Deuda de 900.00 y se lo mandamos al email noeliataylor7@gmail.com 
El socio 376 tiene Deuda de 900.00 y se lo mandamos al email brigittesolange7@gmail.com 
El socio 377 tiene Deuda de 400.00 y no se lo podemos mandar al email  
El socio 378 tiene Deuda de 400.00 y se lo mandamos al email carina81dilan@gmail.com 
El socio 379 tiene Deuda de 400.00 y se lo mandamos al email yamispringer1415@gmail.com 
El socio 381 tiene Deuda de 400.00 y se lo mandamos al email luanapconte@gmail.com 
El socio 382 tiene Deuda de 1650.00 y se lo mandamos al email luna_12012@hotmail.com 
El socio 385 tiene Deuda de 900.00 y se lo mandamos al email lucianaguzman8130@gmail.com 
El socio 386 tiene Deuda de 1800.00 y no se lo podemos mandar al email  
El socio 387 tiene Deuda de 1000.00 y no se lo podemos mandar al email  
El socio 388 tiene Deuda de 1000.00 y se lo mandamos al email noeliaamardones@gmail.com 
El socio 389 tiene Deuda de 1000.00 y se lo mandamos al email fernandahernandez@hotmail.com 
El socio 390 tiene Deuda de 1000.00 y se lo mandamos al email noeliaamardones@gmail.com 
El socio 391 tiene Deuda de 900.00 y no se lo podemos mandar al email  
El socio 400 tiene Deuda de 560.00 y se lo mandamos al email dani.ver1978@gmail.com 
