Truncate de mails de 
El socio 4 tiene Deuda de 400.00 y no se lo podemos mandar al email  
El socio 6 tiene Deuda de 400.00 y no se lo podemos mandar al email  
El socio 8 tiene Deuda de 560.00 y no se lo podemos mandar al email  
El socio 9 tiene Deuda de 2960.00 y no se lo podemos mandar al email  
El socio 10 tiene Deuda de 560.00 y no se lo podemos mandar al email  
El socio 12 tiene Deuda de 560.00 y no se lo podemos mandar al email  
El socio 14 tiene Deuda de 560.00 y no se lo podemos mandar al email  
El socio 15 tiene Deuda de 560.00 y se lo mandamos al email estudiovolpi@gmail.com 
El socio 16 tiene Deuda de 560.00 y no se lo podemos mandar al email  
El socio 18 tiene Deuda de 560.00 y no se lo podemos mandar al email  
El socio 19 tiene Deuda de 560.00 y no se lo podemos mandar al email  
El socio 20 tiene Deuda de 560.00 y no se lo podemos mandar al email  
El socio 21 tiene Deuda de 560.00 y no se lo podemos mandar al email  
El socio 22 tiene Deuda de 560.00 y no se lo podemos mandar al email  
El socio 23 tiene Deuda de 560.00 y no se lo podemos mandar al email martinpeyrano2@GMAIL.COM 
El socio 24 tiene Deuda de 560.00 y no se lo podemos mandar al email  
El socio 26 tiene Deuda de 560.00 y no se lo podemos mandar al email  
El socio 27 tiene Deuda de 560.00 y no se lo podemos mandar al email  
El socio 28 tiene Deuda de 560.00 y no se lo podemos mandar al email  
El socio 30 tiene Deuda de 280.00 y no se lo podemos mandar al email  
El socio 31 tiene Deuda de 560.00 y no se lo podemos mandar al email  
El socio 32 tiene Deuda de 560.00 y no se lo podemos mandar al email  
El socio 35 tiene Deuda de 560.00 y no se lo podemos mandar al email  
El socio 36 tiene Deuda de 560.00 y no se lo podemos mandar al email  
El socio 37 tiene Deuda de 560.00 y no se lo podemos mandar al email  
El socio 38 tiene Deuda de 560.00 y no se lo podemos mandar al email  
El socio 39 tiene Deuda de 560.00 y no se lo podemos mandar al email  
El socio 40 tiene Deuda de 560.00 y no se lo podemos mandar al email  
El socio 41 tiene Deuda de 560.00 y no se lo podemos mandar al email  
El socio 43 tiene Deuda de 560.00 y no se lo podemos mandar al email  
El socio 45 tiene Deuda de 560.00 y no se lo podemos mandar al email  
El socio 46 tiene Deuda de 560.00 y no se lo podemos mandar al email  
El socio 47 tiene Deuda de 560.00 y no se lo podemos mandar al email  
El socio 48 tiene Deuda de 560.00 y no se lo podemos mandar al email  
El socio 49 tiene Deuda de 560.00 y no se lo podemos mandar al email  
El socio 50 tiene Deuda de 560.00 y no se lo podemos mandar al email  
El socio 51 tiene Deuda de 560.00 y no se lo podemos mandar al email  
El socio 52 tiene Deuda de 560.00 y no se lo podemos mandar al email  
El socio 53 tiene Deuda de 560.00 y no se lo podemos mandar al email  
El socio 54 tiene Deuda de 560.00 y no se lo podemos mandar al email alejandro12castillo@GMAIL.COM 
El socio 55 tiene Deuda de 560.00 y no se lo podemos mandar al email  
El socio 56 tiene Deuda de 560.00 y no se lo podemos mandar al email  
El socio 57 tiene Deuda de 560.00 y no se lo podemos mandar al email  
El socio 58 tiene Deuda de 400.00 y no se lo podemos mandar al email  
El socio 59 tiene Deuda de 560.00 y no se lo podemos mandar al email  
El socio 60 tiene Deuda de 560.00 y no se lo podemos mandar al email  
El socio 61 tiene Deuda de 560.00 y no se lo podemos mandar al email  
El socio 62 tiene Deuda de 560.00 y no se lo podemos mandar al email  
El socio 64 tiene Deuda de 400.00 y no se lo podemos mandar al email  
El socio 65 tiene Deuda de 400.00 y no se lo podemos mandar al email  
El socio 66 tiene Deuda de 560.00 y no se lo podemos mandar al email  
El socio 68 tiene Deuda de 560.00 y no se lo podemos mandar al email  
El socio 69 tiene Deuda de 1800.00 y se lo mandamos al email evitaguerrero1@hotmail.com 
El socio 71 tiene Deuda de 560.00 y no se lo podemos mandar al email  
El socio 72 tiene Deuda de 400.00 y no se lo podemos mandar al email  
El socio 73 tiene Deuda de 400.00 y se lo mandamos al email sargentoiturria@gmail.com 
El socio 74 tiene Deuda de 2400.00 y no se lo podemos mandar al email ania.anali@HOTMAIL.COM 
El socio 75 tiene Deuda de 560.00 y no se lo podemos mandar al email  
El socio 76 tiene Deuda de 560.00 y no se lo podemos mandar al email  
El socio 77 tiene Deuda de 1400.00 y se lo mandamos al email leticiahaure.70@gmail.com 
El socio 78 tiene Deuda de 2200.00 y se lo mandamos al email pablo.guada@hotmail.com 
El socio 79 tiene Deuda de 560.00 y no se lo podemos mandar al email  
El socio 80 tiene Deuda de 560.00 y no se lo podemos mandar al email  
El socio 84 tiene Deuda de 560.00 y no se lo podemos mandar al email  
El socio 86 tiene Deuda de 560.00 y no se lo podemos mandar al email  
El socio 90 tiene Deuda de 560.00 y no se lo podemos mandar al email  
El socio 93 tiene Deuda de 560.00 y no se lo podemos mandar al email  
El socio 94 tiene Deuda de 400.00 y no se lo podemos mandar al email  
El socio 96 tiene Deuda de 560.00 y no se lo podemos mandar al email  
El socio 98 tiene Deuda de 560.00 y no se lo podemos mandar al email  
El socio 99 tiene Deuda de 560.00 y no se lo podemos mandar al email  
El socio 103 tiene Deuda de 560.00 y no se lo podemos mandar al email  
El socio 105 tiene Deuda de 560.00 y no se lo podemos mandar al email  
El socio 107 tiene Deuda de 560.00 y no se lo podemos mandar al email  
El socio 111 tiene Deuda de 560.00 y se lo mandamos al email emmanuel.signori@telefonica.com 
El socio 118 tiene Deuda de 560.00 y no se lo podemos mandar al email  
El socio 120 tiene Deuda de 560.00 y no se lo podemos mandar al email  
El socio 121 tiene Deuda de 560.00 y no se lo podemos mandar al email  
El socio 122 tiene Deuda de 560.00 y no se lo podemos mandar al email  
El socio 123 tiene Deuda de 560.00 y se lo mandamos al email gaspafaca@gmail.com 
El socio 126 tiene Deuda de 560.00 y no se lo podemos mandar al email  
El socio 129 tiene Deuda de 560.00 y no se lo podemos mandar al email  
El socio 131 tiene Deuda de 560.00 y se lo mandamos al email leorabanetti@hotmail.com 
El socio 132 tiene Deuda de 560.00 y no se lo podemos mandar al email  
El socio 133 tiene Deuda de 560.00 y no se lo podemos mandar al email  
El socio 134 tiene Deuda de 400.00 y no se lo podemos mandar al email  
El socio 144 tiene Deuda de 400.00 y no se lo podemos mandar al email  
El socio 148 tiene Deuda de 560.00 y no se lo podemos mandar al email  
El socio 149 tiene Deuda de 560.00 y no se lo podemos mandar al email  
El socio 150 tiene Deuda de 560.00 y se lo mandamos al email imanolgarcia_mmo@hotmail.com 
El socio 151 tiene Deuda de 400.00 y se lo mandamos al email veronica_88_2012@hotmail.com 
El socio 169 tiene Deuda de 2100.00 y se lo mandamos al email vanne_inostroza@hotmail.com 
El socio 170 tiene Deuda de 1100.00 y se lo mandamos al email nnatalin_89@hotmail.com 
El socio 171 tiene Deuda de 1900.00 y se lo mandamos al email karenmicaelaquevedo@gmail.com 
El socio 172 tiene Deuda de 1900.00 y se lo mandamos al email miluhaag1@gmail.com 
El socio 173 tiene Deuda de 2200.00 y se lo mandamos al email marialdelcarmen.008@gmail.com 
El socio 174 tiene Deuda de 1200.00 y se lo mandamos al email celesteacevedo@live.com 
El socio 175 tiene Deuda de 560.00 y se lo mandamos al email rusomaurizzi@hotmail.com 
El socio 177 tiene Deuda de 1000.00 y se lo mandamos al email daianamadrid.dm@gmail.com 
El socio 178 tiene Deuda de 1000.00 y se lo mandamos al email evelyngomezfonseca2001@gmail.com 
El socio 179 tiene Deuda de 900.00 y se lo mandamos al email marioselvo85@hotmail.com 
El socio 180 tiene Deuda de 280.00 y se lo mandamos al email sandrajbergamo@hotmail.com 
El socio 185 tiene Deuda de 400.00 y se lo mandamos al email paoescude@hotmail.com 
