Truncate de mails de 
El socio 31 tiene Deuda de 822.00 y se lo mandamos al email dariea.1914@gmail.com 
El socio 32 tiene Deuda de 432.00 y se lo mandamos al email estebanayestaran@gmail.com 
El socio 41 tiene Deuda de 1100.00 y se lo mandamos al email josepecci@hotmail.com 
El socio 42 tiene Deuda de 1100.00 y se lo mandamos al email fgiunchiglia@gmail.com 
El socio 43 tiene Deuda de 1100.00 y se lo mandamos al email litolimbozzi@gmail.com 
El socio 44 tiene Deuda de 1100.00 y se lo mandamos al email nicolasortega1980@gmail.com 
El socio 92 tiene Deuda de 700.00 y se lo mandamos al email juan.staltari@gmail.com 
El socio 93 tiene Deuda de 1200.00 y se lo mandamos al email julioseewald@yahoo.com.ar 
El socio 94 tiene Deuda de 2080.00 y se lo mandamos al email romancoco390@gmail.com 
El socio 95 tiene Deuda de 560.00 y se lo mandamos al email cristurivero2017@gmail.com 
El socio 96 tiene Deuda de 560.00 y no se lo podemos mandar al email  
El socio 98 tiene Deuda de 900.00 y se lo mandamos al email javijano639@gmail.com 
El socio 99 tiene Deuda de 560.00 y no se lo podemos mandar al email  
El socio 100 tiene Deuda de 336.00 y no se lo podemos mandar al email  
El socio 101 tiene Deuda de 336.00 y no se lo podemos mandar al email  
El socio 102 tiene Deuda de 900.00 y se lo mandamos al email fanasuarez516@gmail.com 
El socio 138 tiene Deuda de 750.00 y se lo mandamos al email paezmariana@yahoo.com 
El socio 140 tiene Deuda de 750.00 y se lo mandamos al email luisdariofernandez@gmail.com 
El socio 141 tiene Deuda de 750.00 y se lo mandamos al email nestorcaniuqueo@gmail.com 
