Club Sansinena - PROCESO DE PAGOS 2020-09-09 17:53:43
Asigne fecha parametro2020-09-08
Generacion default busca TODO
Generacion pagos de Cooperativa
Termine Generacion pagos de La Coope- Reactive: 0 Procese: 0 por un total de $ 0
Club Sansinena - PROCESO DE PAGOS 2020-09-09 17:55:12
Asigne fecha parametro2020-09-08
Generacion default busca TODO
Generacion pagos de Cooperativa
Termine Generacion pagos de La Coope- Reactive: 0 Procese: 0 por un total de $ 0
Club Sansinena - PROCESO DE PAGOS 2020-09-09 17:56:08
Asigne fecha parametro2020-09-08
Generacion default busca TODO
Generacion pagos de Cooperativa
Termine Generacion pagos de La Coope- Reactive: 0 Procese: 0 por un total de $ 0
Club Sansinena - PROCESO DE PAGOS 2020-09-09 17:59:02
Asigne fecha parametro2020-09-08
Generacion default busca TODO
Generacion pagos de Cooperativa
Termine Generacion pagos de La Coope- Reactive: 0 Procese: 0 por un total de $ 0
Club Sansinena - PROCESO DE PAGOS 2020-09-09 18:00:56
Asigne fecha parametro2020-09-08
Generacion default busca TODO
Generacion pagos de Cooperativa
Termine Generacion pagos de La Coope- Reactive: 0 Procese: 0 por un total de $ 0
Club Sansinena - PROCESO DE PAGOS 2020-09-09 18:08:32
Asigne fecha parametro2020-09-08
Generacion default busca TODO
Generacion pagos de Cooperativa
Termine Generacion pagos de La Coope- Reactive: 0 Procese: 0 por un total de $ 0
Club Sansinena - PROCESO DE PAGOS 2020-09-09 18:28:29
Asigne fecha parametro2020-09-08
Generacion default busca TODO
Generacion pagos de Cooperativa
Termine Generacion pagos de La Coope- Reactive: 0 Procese: 0 por un total de $ 0
Club Sansinena - PROCESO DE PAGOS 2020-09-09 18:33:22
Asigne fecha parametro2020-09-08
Generacion default busca TODO
Generacion pagos de Cooperativa
Termine Generacion pagos de La Coope- Reactive: 0 Procese: 0 por un total de $ 0
Club Sansinena - PROCESO DE PAGOS 2020-09-09 18:36:47
Asigne fecha parametro2020-09-08
Generacion default busca TODO
Generacion pagos de Cooperativa
Termine Generacion pagos de La Coope- Reactive: 0 Procese: 0 por un total de $ 0
Club Sansinena - PROCESO DE PAGOS 2020-09-09 18:41:14
Asigne fecha parametro2020-09-08
Generacion default busca TODO
Generacion pagos de Cooperativa
Termine Generacion pagos de La Coope- Reactive: 0 Procese: 0 por un total de $ 0
Club Sansinena - PROCESO DE PAGOS 2020-09-09 18:43:48
Asigne fecha parametro2020-09-08
Generacion default busca TODO
Generacion pagos de Cooperativa
Termine Generacion pagos de La Coope- Reactive: 0 Procese: 0 por un total de $ 0
