02:00:08 - Procesando 4-Club Sansinena\n2021-04-01 02:00:08: Inicio de Cron... 
02:00:09 - Truncate mails\n02:00:09 - Indicador facturado en 0 \n02:00:09 - Cambio de categoria mayor \n02:00:09: Se encontraron 16 socios a facturar 
02:00:09: Socio #168 DNI=10115837-Román, Jorge Ruben facturado 
02:00:09: Socio #156 DNI=17594590-Mick, Jorge Luis facturado 
02:00:09: Socio #154 DNI=21459573-Diana, Fabian Jorge facturado 
02:00:09: Socio #278 DNI=22074417-Arriagada, Mirta facturado 
02:00:09: Socio #158 DNI=22121609-Seewald, Julio Cesar facturado 
02:00:09: Socio #159 DNI=25447991-Ayestaran, Dario Esteban facturado 
02:00:09: Socio #162 DNI=26704832-Cañiuqueo, Nestor Ruben facturado 
02:00:09: Socio #167 DNI=27332109-Ayestaran, Silvana Elizabet facturado 
02:00:09: Socio #157 DNI=28296286-Ortega, Nicolas facturado 
02:00:09: Socio #165 DNI=28372664-Paez, Mariana facturado 
02:00:09: Socio #155 DNI=29145605-Limbozzi, Carlos Enrique facturado 
02:00:10: Socio #160 DNI=29369839-Pecci, Jose  Augusto facturado 
02:00:10: Socio #166 DNI=29920275-Garcia, Matias Emanuel facturado 
02:00:10: Socio #164 DNI=38200903-Román, Nicolas Joaquin facturado 
02:00:10: Socio #161 DNI=38938156-Giunchiglia, Franco facturado 
02:00:10: Socio #163 DNI=5519069-Rosal, Jose Carlos facturado 
02:00:10: Cron Finalizado 
03:00:02 - Procesando 4-Club Sansinena\n03:00:02: Intento de ejecución de Cron Finalizado! 
04:00:02 - Procesando 4-Club Sansinena\n04:00:02: Intento de ejecución de Cron Finalizado! 
05:00:02 - Procesando 4-Club Sansinena\n05:00:02: Intento de ejecución de Cron Finalizado! 
06:00:03 - Procesando 4-Club Sansinena\n06:00:03: Intento de ejecución de Cron Finalizado! 
07:00:09 - Procesando 4-Club Sansinena\n07:00:09: Intento de ejecución de Cron Finalizado! 
