02:00:10 - Procesando 4-Club Sansinena\n2021-01-01 02:00:10: Inicio de Cron... 
02:00:10: Socio Suspendido #93 Seewald, Julio Cesar DNI= 22121609 atraso de 5 ultimo pago  
02:00:10: Socio Suspendido #102 Suarez, Javier Santiago DNI= 24228790 atraso de 5 ultimo pago  
02:00:10: Socio Suspendido #98 Ayestaran, Silvana Elizabet DNI= 27332109 atraso de 5 ultimo pago  
02:00:10: Socio Suspendido #32 Ayestaran, Esteban DNI= 48502215 atraso de 5 ultimo pago -163 
02:00:10 - Truncate mails\n02:00:10 - Indicador facturado en 0 \n02:00:10 - Cambio de categoria mayor \n02:00:10: Se encontraron 13 socios a facturar 
02:00:10: Socio #139 DNI=10115837-Román, Jorge Ruben facturado 
02:00:10: Socio #95 DNI=20325181-Rivero, Maria Cristina facturado 
02:00:10: Socio #40 DNI=21459573-Diana, Fabian Jorge facturado 
02:00:10: Socio #99 DNI=22074417-Arriagada, Mirta facturado 
02:00:10: Socio #31 DNI=25447991-Ayestaran, Dario facturado 
02:00:10: Socio #92 DNI=25665067-Staltari, Juan Ignacio facturado 
02:00:10: Socio #137 DNI=25665392-Paez, Mauricio Andres facturado 
02:00:10: Socio #141 DNI=26704832-Cañiuqueo, Nestor Ruben facturado 
02:00:11: Socio #138 DNI=28372664-Paez, Mariana facturado 
02:00:11: Socio #140 DNI=28665046-Fernandez, Luis Dario facturado 
02:00:11: Socio #96 DNI=44116172-Roman, Matias facturado 
02:00:11: Socio #101 DNI=44340008-Seewald, Dolores facturado 
02:00:11: Socio #100 DNI=47007285-Seewald, Paulina facturado 
02:00:11: Cron Finalizado 
03:00:03 - Procesando 4-Club Sansinena\n03:00:03: Intento de ejecución de Cron Finalizado! 
04:00:03 - Procesando 4-Club Sansinena\n04:00:03: Intento de ejecución de Cron Finalizado! 
05:00:03 - Procesando 4-Club Sansinena\n05:00:03: Intento de ejecución de Cron Finalizado! 
06:00:03 - Procesando 4-Club Sansinena\n06:00:03: Intento de ejecución de Cron Finalizado! 
07:00:04 - Procesando 4-Club Sansinena\n07:00:04: Intento de ejecución de Cron Finalizado! 
