02:00:06 - Procesando 4-Club Sansinena\n2020-11-01 02:00:06: Inicio de Cron... 
02:00:06 - Truncate mails\n02:00:06 - Indicador facturado en 0 \n02:00:06 - Cambio de categoria mayor \n02:00:06: Se encontraron 22 socios a facturar 
02:00:06: Socio #139 DNI=10115837-Román, Jorge Ruben facturado 
02:00:06: Socio #95 DNI=20325181-Rivero, Maria Cristina facturado 
02:00:06: Socio #40 DNI=21459573-Diana, Fabian Jorge facturado 
02:00:06: Socio #99 DNI=22074417-Arriagada, Mirta facturado 
02:00:06: Socio #93 DNI=22121609-Seewald, Julio Cesar facturado 
02:00:06: Socio #102 DNI=24228790-Suarez, Javier Santiago facturado 
02:00:06: Socio #94 DNI=24508026-Roman, Ricardo Jose facturado 
02:00:06: Socio #31 DNI=25447991-Ayestaran, Dario facturado 
02:00:06: Socio #92 DNI=25665067-Staltari, Juan Ignacio facturado 
02:00:06: Socio #137 DNI=25665392-Paez, Mauricio Andres facturado 
02:00:06: Socio #141 DNI=26704832-Cañiuqueo, Nestor Ruben facturado 
02:00:06: Socio #98 DNI=27332109-Ayestaran, Silvana Elizabet facturado 
02:00:06: Socio #44 DNI=28296286-Ortega, Nicolas facturado 
02:00:06: Socio #138 DNI=28372664-Paez, Mariana facturado 
02:00:06: Socio #140 DNI=28665046-Fernandez, Luis Dario facturado 
02:00:06: Socio #43 DNI=29145605-Limbozzi, Carlos Enrique facturado 
02:00:07: Socio #41 DNI=29369839-Pecci, Jose Augusto facturado 
02:00:07: Socio #42 DNI=38938156-Giunchiglia, Franco Damian facturado 
02:00:07: Socio #96 DNI=44116172-Roman, Matias facturado 
02:00:07: Socio #101 DNI=44340008-Seewald, Dolores facturado 
02:00:07: Socio #100 DNI=47007285-Seewald, Paulina facturado 
02:00:07: Socio #32 DNI=48502215-Ayestaran, Esteban facturado 
02:00:07: Cron Finalizado 
03:00:01 - Procesando 4-Club Sansinena\n03:00:01: Intento de ejecución de Cron Finalizado! 
04:00:01 - Procesando 4-Club Sansinena\n04:00:01: Intento de ejecución de Cron Finalizado! 
05:00:01 - Procesando 4-Club Sansinena\n05:00:01: Intento de ejecución de Cron Finalizado! 
06:00:02 - Procesando 4-Club Sansinena\n06:00:02: Intento de ejecución de Cron Finalizado! 
07:00:02 - Procesando 4-Club Sansinena\n07:00:02: Intento de ejecución de Cron Finalizado! 
