05:00:10 - Procesando 4-Club Sansinena\n2021-03-01 05:00:10: Inicio de Cron... 
05:00:10 - Truncate mails\n05:00:10 - Indicador facturado en 0 \n05:00:10 - Cambio de categoria mayor \n05:00:10: Se encontraron 16 socios a facturar 
05:00:10: Socio #168 DNI=10115837-Román, Jorge Ruben facturado 
05:00:10: Socio #156 DNI=17594590-Mick, Jorge Luis facturado 
05:00:10: Socio #154 DNI=21459573-Diana, Fabian Jorge facturado 
05:00:10: Socio #278 DNI=22074417-Arriagada, Mirta facturado 
05:00:10: Socio #158 DNI=22121609-Seewald, Julio Cesar facturado 
05:00:10: Socio #159 DNI=25447991-Ayestaran, Dario Esteban facturado 
05:00:11: Socio #162 DNI=26704832-Cañiuqueo, Nestor Ruben facturado 
05:00:11: Socio #167 DNI=27332109-Ayestaran, Silvana Elizabet facturado 
05:00:11: Socio #157 DNI=28296286-Ortega, Nicolas facturado 
05:00:11: Socio #165 DNI=28372664-Paez, Mariana facturado 
05:00:11: Socio #155 DNI=29145605-Limbozzi, Carlos Enrique facturado 
05:00:11: Socio #160 DNI=29369839-Pecci, Jose  Augusto facturado 
05:00:11: Socio #166 DNI=29920275-Garcia, Matias Emanuel facturado 
05:00:11: Socio #164 DNI=38200903-Román, Nicolas Joaquin facturado 
05:00:11: Socio #161 DNI=38938156-Giunchiglia, Franco facturado 
05:00:11: Socio #163 DNI=5519069-Rosal, Jose Carlos facturado 
05:00:11: Cron Finalizado 
06:00:03 - Procesando 4-Club Sansinena\n06:00:03: Intento de ejecución de Cron Finalizado! 
07:00:03 - Procesando 4-Club Sansinena\n07:00:03: Intento de ejecución de Cron Finalizado! 
