02:00:04 - Procesando 4-Club Sansinena\n2020-09-01 02:00:04: Inicio de Cron... 
02:00:04 - Truncate mails\n02:00:04 - Indicador facturado en 0 \n02:00:04 - Cambio de categoria mayor \n02:00:04: Se encontraron 18 socios a facturar 
02:00:04: Socio #95 DNI=20325181-Rivero, Maria Cristina facturado 
02:00:04: Socio #40 DNI=21459573-Diana, Fabian Jorge facturado 
02:00:04: Socio #99 DNI=22074417-Arriagada, Mirta facturado 
02:00:04: Socio #93 DNI=22121609-Seewald, Julio Cesar facturado 
02:00:04: Socio #102 DNI=24228790-Suarez, Jvier Santiago facturado 
02:00:04: Socio #94 DNI=24508026-Roman, Ricardo Jose facturado 
02:00:04: Socio #31 DNI=25447991-Ayestaran, Dario facturado 
02:00:04: Socio #92 DNI=25665067-Staltari, Juan Ignacio facturado 
02:00:04: Socio #98 DNI=27332109-Ayestaran, Silvana Elizabet facturado 
02:00:05: Socio #44 DNI=28296286-Ortega, Nicolas facturado 
02:00:05: Socio #43 DNI=29145605-Limbozzi, Carlos Enrique facturado 
02:00:05: Socio #41 DNI=29369839-Pecci, Jose Augusto facturado 
02:00:05: Socio #97 DNI=36705037-Levin, Celeste facturado 
02:00:05: Socio #42 DNI=38938156-Giunchiglia, Franco Damian facturado 
02:00:05: Socio #96 DNI=44116172-Roman, Matias facturado 
02:00:05: Socio #101 DNI=44340008-Seewald, Dolores facturado 
02:00:05: Socio #100 DNI=47007285-Seewald, Paulina facturado 
02:00:05: Socio #32 DNI=48502215-Ayestaran, Esteban facturado 
02:00:05: Cron Finalizado 
03:00:01 - Procesando 4-Club Sansinena\n03:00:01: Intento de ejecución de Cron Finalizado! 
04:00:01 - Procesando 4-Club Sansinena\n04:00:01: Intento de ejecución de Cron Finalizado! 
05:00:02 - Procesando 4-Club Sansinena\n05:00:02: Intento de ejecución de Cron Finalizado! 
06:00:02 - Procesando 4-Club Sansinena\n06:00:02: Intento de ejecución de Cron Finalizado! 
07:00:03 - Procesando 4-Club Sansinena\n07:00:03: Intento de ejecución de Cron Finalizado! 
