Club La Armonia - PROCESO DE PAGOS 2020-09-09 17:53:40
Asigne fecha parametro2020-09-08
Generacion default busca TODO
Generacion pagos de Cooperativa
Termine Generacion pagos de La Coope- Reactive: 0 Procese: 0 por un total de $ 0
Club La Armonia - PROCESO DE PAGOS 2020-09-09 17:55:10
Asigne fecha parametro2020-09-08
Generacion default busca TODO
Generacion pagos de Cooperativa
Termine Generacion pagos de La Coope- Reactive: 0 Procese: 0 por un total de $ 0
Club La Armonia - PROCESO DE PAGOS 2020-09-09 17:56:05
Asigne fecha parametro2020-09-08
Generacion default busca TODO
Generacion pagos de Cooperativa
Termine Generacion pagos de La Coope- Reactive: 0 Procese: 0 por un total de $ 0
Club La Armonia - PROCESO DE PAGOS 2020-09-09 17:58:59
Asigne fecha parametro2020-09-08
Generacion default busca TODO
Generacion pagos de Cooperativa
Termine Generacion pagos de La Coope- Reactive: 0 Procese: 0 por un total de $ 0
Club La Armonia - PROCESO DE PAGOS 2020-09-09 18:00:52
Asigne fecha parametro2020-09-08
Generacion default busca TODO
Generacion pagos de Cooperativa
Termine Generacion pagos de La Coope- Reactive: 0 Procese: 0 por un total de $ 0
Club La Armonia - PROCESO DE PAGOS 2020-09-09 18:08:29
Asigne fecha parametro2020-09-08
Generacion default busca TODO
Generacion pagos de Cooperativa
Termine Generacion pagos de La Coope- Reactive: 0 Procese: 0 por un total de $ 0
Club La Armonia - PROCESO DE PAGOS 2020-09-09 18:28:26
Asigne fecha parametro2020-09-08
Generacion default busca TODO
Generacion pagos de Cooperativa
Termine Generacion pagos de La Coope- Reactive: 0 Procese: 0 por un total de $ 0
Club La Armonia - PROCESO DE PAGOS 2020-09-09 18:33:19
Asigne fecha parametro2020-09-08
Generacion default busca TODO
Generacion pagos de Cooperativa
Termine Generacion pagos de La Coope- Reactive: 0 Procese: 0 por un total de $ 0
Club La Armonia - PROCESO DE PAGOS 2020-09-09 18:36:44
Asigne fecha parametro2020-09-08
Generacion default busca TODO
Generacion pagos de Cooperativa
Termine Generacion pagos de La Coope- Reactive: 0 Procese: 0 por un total de $ 0
Club La Armonia - PROCESO DE PAGOS 2020-09-09 18:41:11
Asigne fecha parametro2020-09-08
Generacion default busca TODO
Generacion pagos de Cooperativa
Termine Generacion pagos de La Coope- Reactive: 0 Procese: 0 por un total de $ 0
Club La Armonia - PROCESO DE PAGOS 2020-09-09 18:43:45
Asigne fecha parametro2020-09-08
Generacion default busca TODO
Generacion pagos de Cooperativa
Termine Generacion pagos de La Coope- Reactive: 0 Procese: 0 por un total de $ 0
