Club La Armonia - CONTROLES CORRIDOS EL 2020-02-12 19:39:24
Club La Armonia - CONTROLES CORRIDOS EL 2020-02-12 19:39:24
CONTROL DE SALDOS DE FACTURACION VS PAGOS 
Los saldos de facturacion y pagos COINCIDEN 

CONTROL DE SALDOS DE FACTURACION VS ULTIMA FILA DE FACTURACION 
Los saldos de facturacion y el ultimo renglon COINCIDEN 

CONTROL DE SALDOS A FAVOR Y REGISTROS IMPAGOS 
No existen socios con saldo a favor y pagos pendientes 

CONTROL DE PAGOS PENDIENTES Y TODO PAGADO 
No existen pagos pendientes de socios con todo pagado 

CONTROL DE PAGOS con ESTADO=0 Y SIN TODO PAGADO 
No existen pagos con estado=0 y sin todo pagado 

CONTROL DE PAGOS MAYORES AL MONTO 
No existen pagos con mayor pagado que el monto 

CONTROL DE PAGOS PENDIENTES PERO QUE TIENEN TODO PAGADO 
No existen pagos pendientes con todo pagado 

antes de sendClub La Armonia-aviso@gestionsocios.com.ar-Controles de Club La Armonia al 12/02/2020Club La Armonia - CONTROLES CORRIDOS EL 2020-02-12 19:41:28
Club La Armonia - CONTROLES CORRIDOS EL 2020-02-12 19:41:28
CONTROL DE SALDOS DE FACTURACION VS PAGOS 
Los saldos de facturacion y pagos COINCIDEN 

CONTROL DE SALDOS DE FACTURACION VS ULTIMA FILA DE FACTURACION 
Los saldos de facturacion y el ultimo renglon COINCIDEN 

CONTROL DE SALDOS A FAVOR Y REGISTROS IMPAGOS 
No existen socios con saldo a favor y pagos pendientes 

CONTROL DE PAGOS PENDIENTES Y TODO PAGADO 
No existen pagos pendientes de socios con todo pagado 

CONTROL DE PAGOS con ESTADO=0 Y SIN TODO PAGADO 
No existen pagos con estado=0 y sin todo pagado 

CONTROL DE PAGOS MAYORES AL MONTO 
No existen pagos con mayor pagado que el monto 

CONTROL DE PAGOS PENDIENTES PERO QUE TIENEN TODO PAGADO 
No existen pagos pendientes con todo pagado 

antes de sendClub La Armonia-avisos@gestionsocios.com.ar-Controles de Club La Armonia al 12/02/2020