09:16:36: Inicio de Cron... 
09:16:36 - Truncate mails\n09:16:36 - Indicador facturado en 0 \n09:16:36 - Cambio de categoria mayor \n09:16:36: Se encontraron 1 socios a facturar 
09:16:36: Socio #12 DNI=29383777-riquelme, juan roman facturado 
09:16:36: Cron Finalizado 
10:36:30 - Procesando 2-Club La Armonia\n10:36:30: Inicio de Cron... 
10:36:30 - Truncate mails\n10:36:30 - Indicador facturado en 0 \n10:36:30 - Cambio de categoria mayor \n10:36:30: Se encontraron 1 socios a facturar 
10:36:30: Socio #12 DNI=29383777-riquelme, juan roman facturado 
10:36:30: Cron Finalizado 
09:06:13 - Procesando 2-Club La Armonia\n09:06:13: Inicio de Cron... 
09:06:13 - Truncate mails\n09:06:13 - Indicador facturado en 0 \n09:06:13 - ERROR NO EXISTE CATEGORIA m para menores \n09:06:13 - Cambio de categoria mayor \n09:06:13: Se encontraron 1 socios a facturar 
09:06:13: Socio #12 DNI=29383777-riquelme, juan roman facturado 
09:06:13: Cron Finalizado 
09:06:40 - Procesando 2-Club La Armonia\n09:06:40: Inicio de Cron... 
09:06:40 - Truncate mails\n09:06:40 - Indicador facturado en 0 \n09:06:40 - ERROR NO EXISTE CATEGORIA m para menores \n09:06:40 - Cambio de categoria mayor \n09:06:40: Se encontraron 1 socios a facturar 
09:06:40: Socio #12 DNI=29383777-riquelme, juan roman facturado 
09:06:40: Cron Finalizado 
09:07:33 - Procesando 2-Club La Armonia\n09:07:33: Inicio de Cron... 
09:07:33 - Truncate mails\n09:07:33 - Indicador facturado en 0 \n09:07:33 - ERROR NO EXISTE CATEGORIA m para menores \n09:07:33 - Cambio de categoria mayor \n09:07:33: Se encontraron 1 socios a facturar 
09:07:33: Socio #12 DNI=29383777-riquelme, juan roman facturado 
09:07:33: Cron Finalizado 
09:10:04 - Procesando 2-Club La Armonia\n09:10:04: Inicio de Cron... 
09:10:04: Socio Suspendido #12 riquelme, juan roman DNI= 29383777 atraso de 5 ultimo pago  
09:10:04 - Truncate mails\n09:10:04 - Indicador facturado en 0 \n09:10:04 - ERROR NO EXISTE CATEGORIA m para menores \n09:10:04 - Cambio de categoria mayor \n09:10:04: No se encontraron socios a facturar 
09:11:23 - Procesando 2-Club La Armonia\n09:11:23: Inicio de Cron... 
09:11:23 - Truncate mails\n09:11:23 - Indicador facturado en 0 \n09:11:23 - ERROR NO EXISTE CATEGORIA m para menores \n09:11:23 - Cambio de categoria mayor \n09:11:23: No se encontraron socios a facturar 
09:11:55 - Procesando 2-Club La Armonia\n09:11:55: Inicio de Cron... 
09:11:55 - Truncate mails\n09:11:55 - Indicador facturado en 0 \n09:11:55 - ERROR NO EXISTE CATEGORIA m para menores \n09:11:55 - Cambio de categoria mayor \n09:11:55: No se encontraron socios a facturar 
09:13:46 - Procesando 2-Club La Armonia\n09:13:46: Inicio de Cron... 
09:13:46 - Truncate mails\n09:13:46 - Indicador facturado en 0 \n09:13:46 - ERROR NO EXISTE CATEGORIA m para menores \n09:13:46 - Cambio de categoria mayor \n09:13:46: No se encontraron socios a facturar 
09:19:14 - Procesando 2-Club La Armonia\n09:19:14: Inicio de Cron... 
09:19:14 - Truncate mails\n09:19:14 - Indicador facturado en 0 \n09:19:14 - ERROR NO EXISTE CATEGORIA m para menores \n09:19:14 - Cambio de categoria mayor \n09:19:14: No se encontraron socios a facturar 
09:57:26 - Procesando 2-Club La Armonia\n2020-01-22 09:57:26: Inicio de Cron... 
09:57:26 - Truncate mails\n09:57:26 - Indicador facturado en 0 \n09:57:26 - ERROR NO EXISTE CATEGORIA m para menores \n09:57:26 - Cambio de categoria mayor \n09:57:26: No se encontraron socios a facturar 
