Club Rosario Puerto Belgrano - PROCESO DE PAGOS 2020-09-09 17:53:42
Asigne fecha parametro2020-09-08
Generacion default busca TODO
Generacion pagos de Cooperativa
Termine Generacion pagos de La Coope- Reactive: 0 Procese: 0 por un total de $ 0
Club Rosario Puerto Belgrano - PROCESO DE PAGOS 2020-09-09 17:55:11
Asigne fecha parametro2020-09-08
Generacion default busca TODO
Generacion pagos de Cooperativa
Termine Generacion pagos de La Coope- Reactive: 0 Procese: 0 por un total de $ 0
Club Rosario Puerto Belgrano - PROCESO DE PAGOS 2020-09-09 17:56:06
Asigne fecha parametro2020-09-08
Generacion default busca TODO
Generacion pagos de Cooperativa
Termine Generacion pagos de La Coope- Reactive: 0 Procese: 0 por un total de $ 0
Club Rosario Puerto Belgrano - PROCESO DE PAGOS 2020-09-09 17:59:01
Asigne fecha parametro2020-09-08
Generacion default busca TODO
Generacion pagos de Cooperativa
Termine Generacion pagos de La Coope- Reactive: 0 Procese: 0 por un total de $ 0
Club Rosario Puerto Belgrano - PROCESO DE PAGOS 2020-09-09 18:00:54
Asigne fecha parametro2020-09-08
Generacion default busca TODO
Generacion pagos de Cooperativa
Termine Generacion pagos de La Coope- Reactive: 0 Procese: 0 por un total de $ 0
Club Rosario Puerto Belgrano - PROCESO DE PAGOS 2020-09-09 18:08:30
Asigne fecha parametro2020-09-08
Generacion default busca TODO
Generacion pagos de Cooperativa
Termine Generacion pagos de La Coope- Reactive: 0 Procese: 0 por un total de $ 0
Club Rosario Puerto Belgrano - PROCESO DE PAGOS 2020-09-09 18:28:27
Asigne fecha parametro2020-09-08
Generacion default busca TODO
Generacion pagos de Cooperativa
Termine Generacion pagos de La Coope- Reactive: 0 Procese: 0 por un total de $ 0
Club Rosario Puerto Belgrano - PROCESO DE PAGOS 2020-09-09 18:33:20
Asigne fecha parametro2020-09-08
Generacion default busca TODO
Generacion pagos de Cooperativa
Termine Generacion pagos de La Coope- Reactive: 0 Procese: 0 por un total de $ 0
Club Rosario Puerto Belgrano - PROCESO DE PAGOS 2020-09-09 18:36:45
Asigne fecha parametro2020-09-08
Generacion default busca TODO
Generacion pagos de Cooperativa
Termine Generacion pagos de La Coope- Reactive: 0 Procese: 0 por un total de $ 0
Club Rosario Puerto Belgrano - PROCESO DE PAGOS 2020-09-09 18:41:13
Asigne fecha parametro2020-09-08
Generacion default busca TODO
Generacion pagos de Cooperativa
Termine Generacion pagos de La Coope- Reactive: 0 Procese: 0 por un total de $ 0
Club Rosario Puerto Belgrano - PROCESO DE PAGOS 2020-09-09 18:43:46
Asigne fecha parametro2020-09-08
Generacion default busca TODO
Generacion pagos de Cooperativa
Termine Generacion pagos de La Coope- Reactive: 0 Procese: 0 por un total de $ 0
