Club Bella Vista - PROCESO DE PAGOS 2020-09-09 17:53:44
Asigne fecha parametro2020-09-08
Generacion default busca TODO
Club Bella Vista - PROCESO DE PAGOS 2020-09-09 17:55:14
Asigne fecha parametro2020-09-08
Generacion default busca TODO
Club Bella Vista - PROCESO DE PAGOS 2020-09-09 17:56:09
Asigne fecha parametro2020-09-08
Generacion default busca TODO
Club Bella Vista - PROCESO DE PAGOS 2020-09-09 17:59:04
Asigne fecha parametro2020-09-08
Generacion default busca TODO
Club Bella Vista - PROCESO DE PAGOS 2020-09-09 18:00:57
Asigne fecha parametro2020-09-08
Generacion default busca TODO
Club Bella Vista - PROCESO DE PAGOS 2020-09-09 18:08:34
Asigne fecha parametro2020-09-08
Generacion default busca TODO
Club Bella Vista - PROCESO DE PAGOS 2020-09-09 18:28:30
Asigne fecha parametro2020-09-08
Generacion default busca TODO
Club Bella Vista - PROCESO DE PAGOS 2020-09-09 18:33:23
Asigne fecha parametro2020-09-08
Generacion default busca TODO
Club Bella Vista - PROCESO DE PAGOS 2020-09-09 18:36:48
Asigne fecha parametro2020-09-08
Generacion default busca TODO
Club Bella Vista - PROCESO DE PAGOS 2020-09-09 18:41:16
Asigne fecha parametro2020-09-08
Generacion default busca TODO
Generacion pagos de Cuenta Digital
Club Bella Vista - PROCESO DE PAGOS 2020-09-09 18:43:49
Asigne fecha parametro2020-09-08
Generacion default busca TODO
Generacion pagos de Cuenta Digital
Termine Generacion pagos de Cuenta Digital- Reactive: 0 Procese: 1 por un total de $ 11
Generacion pagos de Cooperativa
Termine Generacion pagos de La Coope- Reactive: 0 Procese: 0 por un total de $ 0
