02:00:10 - Procesando 5-Club Bella Vista\n2021-04-01 02:00:10: Inicio de Cron... 
02:00:13 - Truncate mails\n02:00:13 - Indicador facturado en 0 \n02:00:13: Actualización de categoría socio a mayor #599-ENRIQUEZ, DIEGO ARMANDO 
02:00:13: Actualización de categoría socio a mayor #733-ZACK , NAHUEL  
02:00:13 - Cambio de categoria mayor \n02:00:13: Se encontraron 222 socios a facturar 
02:00:13: Socio #704 DNI=43466094-VALLEJOS, FRANCISCO facturado 
02:00:13: Socio #698 DNI=43690174-VEGA, JOAQUIN facturado 
02:00:13: Socio #706 DNI=43971442-HANUCH, GONZALO DANIEL facturado 
02:00:14: Socio #505 DNI=44321491-FUENTES, JONATHAN NICOLAS facturado 
02:00:14: Socio #506 DNI=44333381-CANTERO, LUCAS facturado 
02:00:14: Socio #424 DNI=44417886-GABRIEL, ACUÑA facturado 
02:00:14: Socio #730 DNI=44453962-CANDIA, SEBASTIAN facturado 
02:00:15: Socio #507 DNI=44490129-GARCIA, ALAN facturado 
02:00:15: Socio #504 DNI=44490460-CABELLO, AGUSTIN EMANUEL facturado 
02:00:15: Socio #705 DNI=44611401-POGONZA, MARIANO facturado 
02:00:15: Socio #527 DNI=44714624-SARMIENTO, EMILIANO ALBERTO facturado 
02:00:15: Socio #513 DNI=44837177-LUCAS, LUCA AGUSTIN facturado 
02:00:15: Socio #599 DNI=44881295-ENRIQUEZ, DIEGO ARMANDO facturado 
02:00:15: Socio #509 DNI=44881533-DIEGO ROMAN, ACHAREZ facturado 
02:00:15: Socio #731 DNI=44881630-GONZALEZ, DARIO facturado 
02:00:16: Socio #512 DNI=44881976-CASTIÑEIRA, FRANCISCO facturado 
02:00:16: Socio #511 DNI=44882079-BARUTA ALVAREZ, CRISTIAN AGUSTIN facturado 
02:00:16: Socio #508 DNI=44882253-ARRIAGADA, SANTINO facturado 
02:00:16: Socio #707 DNI=44882664-CALVO, THIAGO facturado 
02:00:16: Socio #535 DNI=44947492-CORDOBA, DANIEL ALEJANDRO facturado 
02:00:16: Socio #733 DNI=44958208-ZACK, NAHUEL facturado 
02:00:16: Socio #526 DNI=44958359-PULLES, MARTIN ADRIAN facturado 
02:00:16: Socio #514 DNI=45188798-MESIA, ELIAS GABRIEL facturado 
02:00:16: Socio #539 DNI=45349280-GARCIA VELASQUEZ, NICOLAS facturado 
02:00:16: Socio #541 DNI=45357750-LORENZO, MARIO facturado 
02:00:17: Socio #708 DNI=45419792-ROBLEDO, JOAQUIN facturado 
02:00:17: Socio #510 DNI=45424276-BALLESTER, MIGUEL ANGEL facturado 
02:00:17: Socio #531 DNI=45501905-CARRARI, JOAQUIN facturado 
02:00:17: Socio #550 DNI=45567812-VOGEL, LUCAS facturado 
02:00:17: Socio #700 DNI=45567928-SGRECCIA, MATIAS facturado 
02:00:17: Socio #547 DNI=45567930-SAN SEBASTIAN, MAXIMO facturado 
02:00:17: Socio #534 DNI=45567949-CENOZ, TIAGO facturado 
02:00:17: Socio #548 DNI=45579413-SCHIMIZZI, PABLO facturado 
02:00:17: Socio #532 DNI=45610957-CATALAN, ARE MAXIMILIANO facturado 
02:00:18: Socio #626 DNI=45621079-SUERO MOLINA, TOMAS facturado 
02:00:18: Socio #732 DNI=45781858-CANDIA, IVAN facturado 
02:00:18: Socio #734 DNI=45783316-ARRIAGADA, PABLO DIEGO facturado 
02:00:18: Socio #528 DNI=45783413-AGUIRREZABALA, JOAQUIN facturado 
02:00:18: Socio #540 DNI=45783459-GUAJARDO, LUCAS URIEL facturado 
02:00:18: Socio #600 DNI=45811807-CARRASCO, FRANCISCO facturado 
02:00:18: Socio #536 DNI=45811949-DI PIETIO, AGUSTIN facturado 
02:00:18: Socio #549 DNI=45811990-VILLEGAS, GONZALO NICOLAS facturado 
02:00:18: Socio #530 DNI=45904545-CANITROT, MARIANO facturado 
02:00:18: Socio #543 DNI=45904700-MANQUEHUAL, FERNANDO NICOLAS facturado 
02:00:18: Socio #538 DNI=46093691-CASTRO, ALAN facturado 
02:00:19: Socio #533 DNI=46093900-CAYUN, TOMAS facturado 
02:00:19: Socio #709 DNI=46093913-MORELLI, JOAQUIN facturado 
02:00:19: Socio #544 DNI=46094040-PEREZ, SANTIAGO facturado 
02:00:19: Socio #710 DNI=46094071-DOS SANTOS, JOAQUIN facturado 
02:00:19: Socio #537 DNI=46094259-FUENTEALABA, PABLO facturado 
02:00:19: Socio #546 DNI=46094270-ROMANELLI, GALO facturado 
02:00:19: Socio #545 DNI=46094304-PUSSETTO, NICOLAS facturado 
02:00:19: Socio #542 DNI=46094362-MACIEL, JAVIER facturado 
02:00:19: Socio #529 DNI=46102619-ARRIMADA, EMILIANO facturado 
02:00:19: Socio #564 DNI=46198102-KOHLER, LAUTARO facturado 
02:00:20: Socio #565 DNI=46198332-MAGARIÑOS, THIAGO facturado 
02:00:20: Socio #554 DNI=46198342-CARREÑO, EZEQUIEL facturado 
02:00:20: Socio #593 DNI=46334462-GOÑI, FRANCO facturado 
02:00:20: Socio #673 DNI=46339676-PEREYRA, GUILLERMO GABRIEL facturado 
02:00:20: Socio #561 DNI=46339824-FORCHINO, MATIAS facturado 
02:00:20: Socio #696 DNI=46418817-DE LA CANAL, DANTE facturado 
02:00:20: Socio #552 DNI=46536591-BERGER, ALEXANDER EZEQUIEL facturado 
02:00:20: Socio #590 DNI=46559685-FARHERR, ALESIO BENJAMIN facturado 
02:00:20: Socio #569 DNI=46561218-SCHNEIDER, BRUNO GABRIEL facturado 
02:00:20: Socio #589 DNI=46609560-ETCHEGORDY TORABELLI, GABRIEL facturado 
02:00:20: Socio #627 DNI=46636859-CABANNE, FELIPE facturado 
02:00:20: Socio #560 DNI=46636887-FERNANDEZ, GONZALO AGUSTIN facturado 
02:00:21: Socio #559 DNI=46636935-FERNANDEZ GOMEZ, SANTIAGO facturado 
02:00:21: Socio #735 DNI=46813259-CICCIA, GIANFRANCO facturado 
02:00:21: Socio #567 DNI=46899541-PAVON, MAURO ANDRES facturado 
02:00:21: Socio #556 DNI=46901623-CUTINI TROBBIANI, BAUTISTA facturado 
02:00:21: Socio #570 DNI=46901679-SUROP, TIZIANO facturado 
02:00:21: Socio #555 DNI=46901821-CARRERA, NICOLAS facturado 
02:00:21: Socio #568 DNI=46901953-SACHI BORTOLAS, JOAQUIN facturado 
02:00:21: Socio #711 DNI=47013558-REPETTI MALAN, FRANCO facturado 
02:00:22: Socio #571 DNI=47013562-STREMEL, MATIAS GUILLERMO facturado 
02:00:22: Socio #557 DNI=47013787-DAMBOLENA, SANTIAGO MATIAS facturado 
02:00:22: Socio #566 DNI=47013816-NADOR, JOAQUIN ARIEL facturado 
02:00:22: Socio #553 DNI=47013856-BIORCI, DANTE AGUSTIN facturado 
02:00:22: Socio #558 DNI=47013864-FERNANDEZ DIEZ, EROS facturado 
02:00:22: Socio #562 DNI=47013984-GARCIA, ELUNEY MARTIN facturado 
02:00:22: Socio #572 DNI=47090817-ACOSTA, MATEO GABRIEL facturado 
02:00:22: Socio #581 DNI=47090845-CHAVEZ SCHNEIDER, GENARO facturado 
02:00:22: Socio #586 DNI=47090859-DIAZ, CRISTIAN facturado 
02:00:22: Socio #646 DNI=47112112-ROMERO, IGANCIO facturado 
02:00:22: Socio #597 DNI=47117437-MEDINA, FRANCISCO facturado 
02:00:23: Socio #563 DNI=47117547-GRAZIABILE, LUCIO facturado 
02:00:23: Socio #576 DNI=47139626-BALLESTER, JUAN VALENTIN facturado 
02:00:23: Socio #605 DNI=47163472-RUIZ DE MATTIA, BAUTISTA facturado 
02:00:23: Socio #607 DNI=47186101-TORRESI, AGUSTIN facturado 
02:00:23: Socio #595 DNI=47186140-GRUNEWALD, FRANCO facturado 
02:00:23: Socio #596 DNI=47186141-GRUNEWALD, IVAN facturado 
02:00:23: Socio #574 DNI=47279388-ANTOELLI, FEDERICO facturado 
02:00:23: Socio #608 DNI=47279411-WEISS, SANTIAGO facturado 
02:00:23: Socio #575 DNI=47282064-ARIAS, RAMIRO BENJAMIN facturado 
02:00:23: Socio #645 DNI=47282089-MARTINEZ, AMARO facturado 
02:00:23: Socio #577 DNI=47282167-BRIZUELA, MATIAS facturado 
02:00:23: Socio #601 DNI=47282332-MEDRANO, ENZO GASTON facturado 
02:00:23: Socio #604 DNI=47282403-ROGUFFO, JUAN BAUTISTA facturado 
02:00:23: Socio #584 DNI=47284801-DEL SERO, ALEJO facturado 
02:00:23: Socio #606 DNI=47477772-SCHABAS, URIEL facturado 
02:00:23: Socio #573 DNI=47480110-ALARCON, DYLAN facturado 
02:00:24: Socio #585 DNI=47480163-DIAZ, THIAGO BENJAMIN facturado 
02:00:24: Socio #653 DNI=47480305-VERCELINO, JULIAN facturado 
02:00:24: Socio #630 DNI=47480327-CANDIA, NAHUEL AGUSTIN facturado 
02:00:24: Socio #609 DNI=47638039-ZACK, LAUTARO facturado 
02:00:24: Socio #579 DNI=47638072-CASTARES, ISIDORO facturado 
02:00:24: Socio #591 DNI=47638189-FERNANDEZ, BALTAZAR facturado 
02:00:24: Socio #582 DNI=47638366-CIRAUDO GIMENEZ, EMANUEL ANGEL facturado 
02:00:24: Socio #603 DNI=47638368-PARRA, LEANDRO facturado 
02:00:24: Socio #652 DNI=47833201-TEIJEIRO, DIEGO DANIEL facturado 
02:00:24: Socio #651 DNI=47833206-TEDESCHI GOMEZ, ALESSANDRO facturado 
02:00:25: Socio #551 DNI=47833353-TROTTA, VALENTINO facturado 
02:00:25: Socio #642 DNI=47882583-POMATO, VALENTINO facturado 
02:00:25: Socio #633 DNI=47883127-CRUZ, MATIAS facturado 
02:00:25: Socio #637 DNI=47883241-LUCAS, ALEJO VALENTIN facturado 
02:00:25: Socio #634 DNI=48019856-FERNANDEZ, FACUNDO EZEQUIEL facturado 
02:00:25: Socio #614 DNI=48019903-ARELLANO, JAVIER facturado 
02:00:25: Socio #629 DNI=48019973-CAMPOS, MATIAS ANDRE facturado 
02:00:25: Socio #632 DNI=48021044-CASTRO POPP, LUCA MANUEL facturado 
02:00:25: Socio #639 DNI=48054955-NAVARRO, BRUNO facturado 
02:00:25: Socio #662 DNI=48068202-BONFIGLI, GENARO facturado 
02:00:25: Socio #649 DNI=48092392-SMIT, JUAN PABLO facturado 
02:00:25: Socio #655 DNI=48092419-YAÑEZ PEREZ, MANUEL JULIAN facturado 
02:00:25: Socio #635 DNI=48106481-GARRIDO, ISMAEL facturado 
02:00:25: Socio #641 DNI=48106647-PEREZ, BENJAMIN facturado 
02:00:25: Socio #643 DNI=48165008-QUINTANA, YOEL ARIEL facturado 
02:00:25: Socio #610 DNI=48165028-ACOSTA, ALEX DIEGO facturado 
02:00:25: Socio #647 DNI=48165278-SANCHO, TOBIAS facturado 
02:00:25: Socio #631 DNI=48165520-CASTILLO, GABRIEL JOEL facturado 
02:00:25: Socio #636 DNI=48168770-GONZALEZ COLOMBO, PEDRO facturado 
02:00:25: Socio #654 DNI=48230126-VERGALITO, AGUSTIN facturado 
02:00:25: Socio #628 DNI=48250931-BALGANI, LAUTARO facturado 
02:00:25: Socio #616 DNI=48293334-AUDISIO, AUGUSTO facturado 
02:00:26: Socio #612 DNI=48293432-ACUÑA, JULIAN AGUSTIN facturado 
02:00:26: Socio #613 DNI=48293543-ALVAREZ TUMMINELLO, MATIAS facturado 
02:00:26: Socio #650 DNI=48372006-SUTER, ALFONSO JOSE facturado 
02:00:26: Socio #648 DNI=48372390-SANDRINI, FRANCISCO facturado 
02:00:26: Socio #611 DNI=48372402-ACOSTA, MAXIMO ALEJO facturado 
02:00:26: Socio #615 DNI=48372440-ARISTEGUI, TOMAS facturado 
02:00:26: Socio #644 DNI=48372471-OLIVA RODRIGUEZ, AGUSTIN facturado 
02:00:26: Socio #660 DNI=48423238-RUGGIA, BAUTISTA facturado 
02:00:26: Socio #665 DNI=48484850-CORDOBA, IVAN DANILO facturado 
02:00:26: Socio #638 DNI=48500565-MASSONE, JULIAN facturado 
02:00:26: Socio #683 DNI=48500777-MONTECINO, ALVARO facturado 
02:00:26: Socio #664 DNI=48500980-CASTIÑERIA, FAUSTINO facturado 
02:00:26: Socio #712 DNI=48503242-MORELLI, MATIAS facturado 
02:00:26: Socio #691 DNI=48568230-SAGRIPANDI, CIRO facturado 
02:00:26: Socio #666 DNI=48568238-GIMENEZ, JOAQUIN facturado 
02:00:26: Socio #658 DNI=48568387-ALVAREZ, MATIAS BENJAMIN facturado 
02:00:26: Socio #692 DNI=48568397-STEMPHELET, JUAN MANUEL facturado 
02:00:26: Socio #736 DNI=48581262-TURIEL, LUCAS EMANUEL facturado 
02:00:27: Socio #680 DNI=48581280-MACELLARI, JEREMIAS facturado 
02:00:27: Socio #678 DNI=48581405-LOPEZ, LUCAS facturado 
02:00:27: Socio #602 DNI=48622581-PAGANO, VALENTINO facturado 
02:00:27: Socio #686 DNI=48638169-OTERO MUÑOZ, TOMAS facturado 
02:00:27: Socio #663 DNI=48774048-CARTAGENA, BENICIO facturado 
02:00:27: Socio #676 DNI=48774165-KAISER, BENJAMIN facturado 
02:00:27: Socio #659 DNI=48774229-BARROS, BORIS LEONEL facturado 
02:00:27: Socio #687 DNI=48774383-PASQUALINI FOGEL, SANTINO facturado 
02:00:27: Socio #675 DNI=48774414-HOSNI, FRANCISCO facturado 
02:00:27: Socio #677 DNI=48774586-LACOSTE, TOMAS facturado 
02:00:27: Socio #688 DNI=48774781-RAMOS, LEONEL SANTIAGO facturado 
02:00:27: Socio #681 DNI=48883087-MARTELLA, NICOLAS facturado 
02:00:27: Socio #657 DNI=48883100-ALONSO RODRIGUEZ, TOMAS facturado 
02:00:27: Socio #661 DNI=48883314-BAVA OSIMANI, JEREMIAS facturado 
02:00:27: Socio #689 DNI=48883421-RINALDI, MATEO facturado 
02:00:27: Socio #682 DNI=48883460-MARTINEZ, IMANOL facturado 
02:00:27: Socio #703 DNI=48933380-IRASTORZA, JOSE ANTONIO facturado 
02:00:27: Socio #674 DNI=48977662-GODOY, MATEO GABRIEL facturado 
02:00:27: Socio #695 DNI=48983162-CORDOBA, GENARO facturado 
02:00:27: Socio #656 DNI=48994153-ACHAREZ, FELIPE facturado 
02:00:27: Socio #693 DNI=48994364-ZURITA, ALAN STEFANO facturado 
02:00:27: Socio #685 DNI=48994428-OSES, NICOLAS facturado 
02:00:28: Socio #684 DNI=48994429-OSES, AGUSTIN facturado 
02:00:28: Socio #521 DNI=49059645-BARCENA, SANTIAGO facturado 
02:00:28: Socio #694 DNI=49059663-CONRERO, THIAGO facturado 
02:00:28: Socio #716 DNI=49059767-LUCAS, IGNACIO NICOLAS facturado 
02:00:28: Socio #697 DNI=49059769-FERRACUTTI, GENARO facturado 
02:00:28: Socio #522 DNI=49059987-BERNATENE, LEONEL facturado 
02:00:28: Socio #719 DNI=49059993-MATEOS, TOMAS facturado 
02:00:28: Socio #515 DNI=49060052-ACUÑA, FACUNDO facturado 
02:00:28: Socio #717 DNI=49060088-MARTINEZ, MANUEL facturado 
02:00:28: Socio #523 DNI=49309620-BIGI, JEREMIAS facturado 
02:00:28: Socio #519 DNI=49309685-ARISTEGUI, MARCOS facturado 
02:00:28: Socio #729 DNI=49309780-VASQUEZ, JOSIAS LEONARDO facturado 
02:00:28: Socio #720 DNI=49366179-MOGGIA, VALENTINO facturado 
02:00:28: Socio #721 DNI=49366242-MUÑOZ, VALENTIN facturado 
02:00:28: Socio #640 DNI=49398499-OLIVA RODRIGUEZ, VALENTINO facturado 
02:00:28: Socio #702 DNI=49407567-GIMENEZ, FRANCISCO facturado 
02:00:28: Socio #722 DNI=49407772-PECCI, IGNACIO facturado 
02:00:28: Socio #516 DNI=49407813-ALMIRON, LAUTARO facturado 
02:00:28: Socio #714 DNI=49407823-LLORET PEREZ, TOMAS facturado 
02:00:28: Socio #517 DNI=49513275-ANGUITA, ALE facturado 
02:00:28: Socio #724 DNI=49543206-RIVAS, DIEGO THOMAS facturado 
02:00:28: Socio #701 DNI=49589566-GARAVENZO, BENJAMIN facturado 
02:00:29: Socio #518 DNI=49589611-ANTONELLI, ALVARO facturado 
02:00:29: Socio #741 DNI=49808309-ARDUIN, TOMAS facturado 
02:00:29: Socio #520 DNI=49830521-BANEGAS DIAZ, TOBIAS facturado 
02:00:29: Socio #699 DNI=49830574-GARCIA, DYLAN facturado 
02:00:29: Socio #715 DNI=49830627-LOPEZ PLESCIA, FELIPE facturado 
02:00:29: Socio #737 DNI=49830782-STANIC, MATEO ANTONIO facturado 
02:00:29: Socio #723 DNI=49889993-RAMOS, LAUTARO RUBEN facturado 
02:00:29: Socio #728 DNI=49893152-VALLEJO, MATEO facturado 
02:00:29: Socio #727 DNI=49918102-VALENCIA, LEANDRO facturado 
02:00:29: Socio #713 DNI=49931625-LAUMANN, CIRO BENJAMIN facturado 
02:00:29: Socio #742 DNI=50148823-BEITELEZTN, DYLAN facturado 
02:00:29: Socio #739 DNI=50226270-ACOSTA PEREIRA D'ANGELO, JOAQUIN facturado 
02:00:30: Socio #746 DNI=50226464-CENOZ, FRANCO facturado 
02:00:30: Socio #745 DNI=50226465-CENOZ, BAUTISTA facturado 
02:00:30: Socio #592 DNI=50309449-GONZALES, JOES TOMAS facturado 
02:00:30: Socio #750 DNI=50503197-FERRARO, FELIPE facturado 
02:00:30: Socio #690 DNI=50543378-RIVERA, CRISTIAN EZEQUIEL facturado 
02:00:31: Socio #743 DNI=50551416-BUSTOS, GENNARO facturado 
02:00:31: Socio #726 DNI=50632107-TRIGO MASSERA, TIAGO facturado 
02:00:31: Socio #749 DNI=50649019-ESPINOZA, LAUTARO facturado 
02:00:32: Socio #748 DNI=50659267-DANESSA, SANTIAGO facturado 
02:00:32: Socio #747 DNI=50779047-CORDI, JUAN facturado 
02:00:32: Socio #744 DNI=50779159-CARREÑO, GALO facturado 
02:00:32: Socio #718 DNI=50779219-MARTINEZ, THIAGO SEBASTIAN facturado 
02:00:32: Socio #679 DNI=53145459-MUÑOZ, LEANDRO NICOLAS facturado 
02:00:32: Socio #725 DNI=94897726-ROMERO, NICOLAS facturado 
02:00:33: Cron Finalizado 
03:00:02 - Procesando 5-Club Bella Vista\n03:00:02: Intento de ejecución de Cron Finalizado! 
04:00:02 - Procesando 5-Club Bella Vista\n04:00:02: Intento de ejecución de Cron Finalizado! 
05:00:02 - Procesando 5-Club Bella Vista\n05:00:02: Intento de ejecución de Cron Finalizado! 
06:00:03 - Procesando 5-Club Bella Vista\n06:00:03: Intento de ejecución de Cron Finalizado! 
07:00:09 - Procesando 5-Club Bella Vista\n07:00:09: Intento de ejecución de Cron Finalizado! 
