02:00:13 - Procesando 7-Club Pacifico\n2021-01-01 02:00:13: Inicio de Cron... 
02:00:13: Socio Suspendido #131 LINDNER, ANGEL DNI= 11113713 atraso de 5 ultimo pago  
02:00:13: Socio Suspendido #123 PIPAROLA, GABRIEL DNI= 12094046 atraso de 5 ultimo pago  
02:00:13: Socio Suspendido #63 PIROLA, GUSTAVO DNI= 13227152 atraso de 6 ultimo pago -164 
02:00:13: Socio Suspendido #129 DE MORI, DANIEL DNI= 13227237 atraso de 5 ultimo pago -164 
02:00:13: Socio Suspendido #118 LANARO, RUBEN DNI= 13524534 atraso de 5 ultimo pago -164 
02:00:13: Socio Suspendido #120 SABBADINI, EDUARDO DNI= 13524930 atraso de 5 ultimo pago -164 
02:00:13: Socio Suspendido #130 LUNA, JORGE DNI= 13919085 atraso de 5 ultimo pago -164 
02:00:13: Socio Suspendido #104 MARTINEZ GAVIOLI, MARCELO DNI= 13946192 atraso de 5 ultimo pago -164 
02:00:13: Socio Suspendido #128 PALLOTTINI, MARIA CRISTINA DNI= 16170927 atraso de 5 ultimo pago -164 
02:00:13: Socio Suspendido #117 FELICE, ROBERTO DNI= 16681060 atraso de 5 ultimo pago -164 
02:00:13: Socio Suspendido #119 BORELLI, SANDRA DNI= 16968697 atraso de 5 ultimo pago -164 
02:00:13: Socio Suspendido #121 SAPORITO, SANDRO DNI= 16998457 atraso de 5 ultimo pago -164 
02:00:14: Socio Suspendido #106 ALARCON, LUIS OMAR DNI= 18669960 atraso de 5 ultimo pago -164 
02:00:14: Socio Suspendido #135 CATALAN, JUAN JOSE DNI= 22315704 atraso de 5 ultimo pago -164 
02:00:14: Socio Suspendido #132 LLITERAS, ADRIAN ALBERTO DNI= 22505620 atraso de 5 ultimo pago -164 
02:00:14: Socio Suspendido #105 REGGIANI, GUILLERMO DNI= 22943550 atraso de 5 ultimo pago -164 
02:00:14: Socio Suspendido #136 CORVALAN, JUAN CRUZ DNI= 23457617 atraso de 5 ultimo pago -164 
02:00:14: Socio Suspendido #107 TOSO, GUILLERMO DNI= 23574232 atraso de 5 ultimo pago -164 
02:00:14: Socio Suspendido #112 ORTIZ, FERNANDO DNI= 24508101 atraso de 5 ultimo pago -164 
02:00:14: Socio Suspendido #109 MAZZA, SEBASTIAN DNI= 24765258 atraso de 5 ultimo pago -164 
02:00:14: Socio Suspendido #114 BIANCHIMANO, BETIANA DNI= 24765707 atraso de 5 ultimo pago -164 
02:00:14: Socio Suspendido #110 ZENGARINI, DAMIAN DNI= 26794368 atraso de 5 ultimo pago -164 
02:00:14: Socio Suspendido #124 FRISICALE, LUCIANO EMMANUEL DNI= 32586844 atraso de 5 ultimo pago -164 
02:00:14: Socio Suspendido #126 ZAMBORAIN, CAMILA DNI= 36327666 atraso de 5 ultimo pago -164 
02:00:14: Socio Suspendido #125 REDIVO, LUCIO DNI= 37555805 atraso de 5 ultimo pago -164 
02:00:14: Socio Suspendido #134 GABBARINI, MILENA DNI= 38231649 atraso de 5 ultimo pago -164 
02:00:14: Socio Suspendido #133 SUAREZ, MARIA FLORENCIA DNI= 38550113 atraso de 5 ultimo pago -164 
02:00:14: Socio Suspendido #127 WATTSON, FACUNDO DNI= 39169520 atraso de 5 ultimo pago -164 
02:00:14: Socio Suspendido #103 COSCIA, HORACIO DNI= 5457472 atraso de 5 ultimo pago -164 
02:00:14: Socio Suspendido #122 SPINELLA, FRANCISCO DNI= 8312026 atraso de 5 ultimo pago -164 
02:00:14 - Truncate mails\n02:00:14 - Indicador facturado en 0 \n02:00:14 - Cambio de categoria mayor \n02:00:14: Se encontraron 24 socios a facturar 
02:00:14: Socio #62 DNI=10103044-RICHOTTI, JORGE facturado 
02:00:14: Socio #116 DNI=10737049-RESSIA, HORACIO facturado 
02:00:15: Socio #73 DNI=12605375-STARKLOFF, OMAR facturado 
02:00:15: Socio #67 DNI=14780075-CONGET, ADRIAN facturado 
02:00:15: Socio #70 DNI=16206533-ALDUVINO, JULIO facturado 
02:00:15: Socio #78 DNI=17235135-PERELLO, NORMA facturado 
02:00:15: Socio #60 DNI=2072852-RICHOTTI, RAUL facturado 
02:00:15: Socio #59 DNI=2208226-GALASSI, NORBERTO facturado 
02:00:15: Socio #68 DNI=2217884-JOCANO, OSCAR facturado 
02:00:15: Socio #64 DNI=2546913-PIERUCCI, MABEL facturado 
02:00:15: Socio #36 DNI=27331138-centani, jimena facturado 
02:00:15: Socio #115 DNI=3288155-SITTIG, OSCAR E. facturado 
02:00:15: Socio #113 DNI=5110031-MARZIALRTTI, NILDA facturado 
02:00:15: Socio #82 DNI=5473020-BOCACCINI, ISMAEL facturado 
02:00:15: Socio #75 DNI=5477506-CIRILO, FRANCISCO facturado 
02:00:16: Socio #69 DNI=5482300-FLORES, ARNALDO facturado 
02:00:16: Socio #108 DNI=5484234-MARTIN, AUGUSTO ISMAEL facturado 
02:00:16: Socio #61 DNI=5510326-BUFFA, ALDO DANIEL facturado 
02:00:16: Socio #71 DNI=5516995-HORACIO, RUEDA facturado 
02:00:16: Socio #79 DNI=5536530-AMICI, RICARDO facturado 
02:00:16: Socio #111 DNI=5536702-NAGALI, CARLOS facturado 
02:00:16: Socio #77 DNI=6503711-RODRIGUEZ, ELDA facturado 
02:00:16: Socio #65 DNI=7371579-centani, CARLOS ALBERTO facturado 
02:00:16: Socio #66 DNI=8700286-FRONTINI, LUIS facturado 
02:00:16: Cron Finalizado 
03:00:03 - Procesando 7-Club Pacifico\n03:00:03: Intento de ejecución de Cron Finalizado! 
04:00:03 - Procesando 7-Club Pacifico\n04:00:03: Intento de ejecución de Cron Finalizado! 
05:00:03 - Procesando 7-Club Pacifico\n05:00:03: Intento de ejecución de Cron Finalizado! 
06:00:03 - Procesando 7-Club Pacifico\n06:00:03: Intento de ejecución de Cron Finalizado! 
07:00:04 - Procesando 7-Club Pacifico\n07:00:04: Intento de ejecución de Cron Finalizado! 
