02:00:33 - Procesando 7-Club Pacifico\n2021-04-01 02:00:33: Inicio de Cron... 
02:00:33 - Truncate mails\n02:00:33 - Indicador facturado en 0 \n02:00:33 - Cambio de categoria mayor \n02:00:33: Se encontraron 67 socios a facturar 
02:00:33: Socio #481 DNI=10103044-RICHOTTI, JORGE facturado 
02:00:33: Socio #448 DNI=10103152-OJUNIAN, MARTA facturado 
02:00:34: Socio #441 DNI=10103192-PIROLA, SERGIO facturado 
02:00:34: Socio #474 DNI=10737049-RESSIA, HORACIO facturado 
02:00:34: Socio #451 DNI=11113031-STALTARI, NORBERTO facturado 
02:00:34: Socio #491 DNI=11113713-LINDNER, ANGEL O. facturado 
02:00:34: Socio #453 DNI=1116526-PERELLO, NORMA facturado 
02:00:34: Socio #502 DNI=11225064-VOLONTE, ANTONIO facturado 
02:00:34: Socio #482 DNI=12094046-PIPAROLA, GABRIEL H. facturado 
02:00:34: Socio #450 DNI=12605375-STARKLOFF, OMAR facturado 
02:00:34: Socio #463 DNI=13227152-PIROLA, GUSTAVO facturado 
02:00:34: Socio #489 DNI=13227237-DE MORI, DANIEL facturado 
02:00:34: Socio #475 DNI=13524534-LANARO, RUBEN facturado 
02:00:34: Socio #478 DNI=13524930-SABBADINI, EDUARDO facturado 
02:00:34: Socio #490 DNI=13919085-LUNA, JORGE facturado 
02:00:34: Socio #455 DNI=13946192-MARTINEZ GAVIOLI, MARCELO facturado 
02:00:34: Socio #497 DNI=14690655-IOZZO, WALTER G. facturado 
02:00:35: Socio #445 DNI=14780075-CONGET, ADRIAN facturado 
02:00:35: Socio #499 DNI=16068703-WALTER, BENITEZ facturado 
02:00:35: Socio #488 DNI=16170927-PALLOTTINI, MARIA CRISTINA facturado 
02:00:35: Socio #446 DNI=16206533-ALDUVINO, JULIO facturado 
02:00:35: Socio #476 DNI=16681060-FELICE, ROBERTO G. facturado 
02:00:35: Socio #487 DNI=16813979-TORRES, ENRIQUE E. facturado 
02:00:35: Socio #477 DNI=16968697-BORELLI, SANDRA M. facturado 
02:00:35: Socio #449 DNI=16998328-REGGIANI, MARIA BELEN facturado 
02:00:35: Socio #479 DNI=16998457-SAPORITO, SANDRO S. facturado 
02:00:36: Socio #496 DNI=18183177-ROJAS, DANIEL A. facturado 
02:00:36: Socio #457 DNI=18669960-ALARCON, LUIS OMAR facturado 
02:00:36: Socio #440 DNI=2072852-RICHOTTI, RAUL facturado 
02:00:36: Socio #462 DNI=2208226-NORBERTO, GALASSI facturado 
02:00:36: Socio #503 DNI=22209425-MURGOITIA, SILVINA facturado 
02:00:36: Socio #492 DNI=22505620-LLITERAS, ADRIAN A. facturado 
02:00:36: Socio #456 DNI=22943550-REGGIANI, GUILLERMO facturado 
02:00:36: Socio #465 DNI=23289552-FURLAND, LEANDRO facturado 
02:00:36: Socio #495 DNI=23457617-CORVALAN, JUAN CRUZ facturado 
02:00:36: Socio #468 DNI=23574232-TOSO, GUILLERMO facturado 
02:00:36: Socio #500 DNI=24136003-BUGARINI, CHRISTIAN facturado 
02:00:36: Socio #470 DNI=24508101-ORTIZ, FERNANDO facturado 
02:00:37: Socio #469 DNI=24765258-MAZZA, SEBASTIAN facturado 
02:00:37: Socio #472 DNI=24765707-BIANCHIMANO, BETIANA facturado 
02:00:37: Socio #461 DNI=2546913-PIERUCCI, MABEL facturado 
02:00:37: Socio #460 DNI=26794368-ZENGARINI, DAMIAN facturado 
02:00:37: Socio #454 DNI=27331138-CENTANI, JIMENA facturado 
02:00:37: Socio #473 DNI=3288155-SITTIG, OSCAR E. facturado 
02:00:37: Socio #483 DNI=33799130-GORJON, EMANUEL facturado 
02:00:37: Socio #485 DNI=36327666-ZAMBORAIN, CAMILA facturado 
02:00:37: Socio #501 DNI=37551361-BAHL, FRANCO facturado 
02:00:37: Socio #484 DNI=37555805-REDIVO, LUCIO G. facturado 
02:00:37: Socio #494 DNI=38231649-GABBARINI, MILENA facturado 
02:00:37: Socio #493 DNI=38550113-SUAREZ, MARIA FLORENCIA facturado 
02:00:37: Socio #498 DNI=38920137-SAPORITO, SEBASTIAN facturado 
02:00:38: Socio #486 DNI=39169520-WATTSON, FACUNDO facturado 
02:00:38: Socio #438 DNI=5090895-FRISICALE, LUCIANO facturado 
02:00:38: Socio #471 DNI=5110031-MARZIALETTI, NILDA facturado 
02:00:38: Socio #439 DNI=5284524-GUISADO, JUAN CARLOS facturado 
02:00:38: Socio #467 DNI=5457472-COSCIA, HORACIO facturado 
02:00:38: Socio #437 DNI=5473020-BOCACCINI, ISMAEL R. facturado 
02:00:38: Socio #464 DNI=5477506-CIRILLO, FRANCISCO facturado 
02:00:38: Socio #458 DNI=5506361-TRELLINI, RUBEN A. facturado 
02:00:38: Socio #442 DNI=5510326-BUFFA, ALDO DANIEL facturado 
02:00:38: Socio #447 DNI=5516995-RUEDA, HORACIO facturado 
02:00:38: Socio #466 DNI=5536530-AMICI, RICARDO facturado 
02:00:38: Socio #459 DNI=5536702-NAGALI, JOSE CARLOS facturado 
02:00:38: Socio #452 DNI=6503711-RODRIGUEZ, ELDA facturado 
02:00:38: Socio #443 DNI=7371579-CENTANI, CARLOS ALBERTO facturado 
02:00:38: Socio #480 DNI=8312026-SPINELLA, FRANCISCO facturado 
02:00:38: Socio #444 DNI=8700286-LUIS, FRONTINI facturado 
02:00:38: Cron Finalizado 
03:00:02 - Procesando 7-Club Pacifico\n03:00:02: Intento de ejecución de Cron Finalizado! 
04:00:02 - Procesando 7-Club Pacifico\n04:00:02: Intento de ejecución de Cron Finalizado! 
05:00:02 - Procesando 7-Club Pacifico\n05:00:02: Intento de ejecución de Cron Finalizado! 
06:00:03 - Procesando 7-Club Pacifico\n06:00:03: Intento de ejecución de Cron Finalizado! 
07:00:09 - Procesando 7-Club Pacifico\n07:00:09: Intento de ejecución de Cron Finalizado! 
