02:00:05 - Procesando 7-Club Pacifico\n2020-09-01 02:00:05: Inicio de Cron... 
02:00:06 - Truncate mails\n02:00:06 - Indicador facturado en 0 \n02:00:06 - Cambio de categoria mayor \n02:00:06: Se encontraron 60 socios a facturar 
02:00:06: Socio #62 DNI=10103044-RICHOTTI, JORGE facturado 
02:00:06: Socio #72 DNI=10103152-OJUNIAN, MARTA facturado 
02:00:06: Socio #58 DNI=10103192-PIROLA, SERGIO EDUARDO facturado 
02:00:06: Socio #116 DNI=10737049-RESSIA, HORACIO facturado 
02:00:06: Socio #131 DNI=11113713-LINDNER, ANGEL facturado 
02:00:06: Socio #123 DNI=12094046-PIPAROLA, GABRIEL facturado 
02:00:06: Socio #73 DNI=12605375-STARKLOFF, OMAR facturado 
02:00:06: Socio #63 DNI=13227152-PIROLA, GUSTAVO facturado 
02:00:06: Socio #129 DNI=13227237-DE MORI, DANIEL facturado 
02:00:06: Socio #118 DNI=13524534-LANARO, RUBEN facturado 
02:00:06: Socio #120 DNI=13524930-SABBADINI, EDUARDO facturado 
02:00:06: Socio #130 DNI=13919085-LUNA, JORGE facturado 
02:00:06: Socio #104 DNI=13946192-MARTINEZ GAVIOLI, MARCELO facturado 
02:00:06: Socio #67 DNI=14780075-CONGET, ADRIAN facturado 
02:00:06: Socio #128 DNI=16170927-PALLOTTINI, MARIA CRISTINA facturado 
02:00:06: Socio #70 DNI=16206533-ALDUVINO, JULIO facturado 
02:00:06: Socio #117 DNI=16681060-FELICE, ROBERTO facturado 
02:00:06: Socio #119 DNI=16968697-BORELLI, SANDRA facturado 
02:00:06: Socio #74 DNI=16998328-REGGIANI, MARIA BELEN facturado 
02:00:06: Socio #121 DNI=16998457-SAPORITO, SANDRO facturado 
02:00:06: Socio #78 DNI=17235135-PERELLO, NORMA facturado 
02:00:06: Socio #106 DNI=18669960-ALARCON, LUIS OMAR facturado 
02:00:06: Socio #60 DNI=2072852-RICHOTTI, RAUL facturado 
02:00:06: Socio #59 DNI=2208226-GALASSI, NORBERTO facturado 
02:00:06: Socio #68 DNI=2217884-JOCANO, OSCAR facturado 
02:00:06: Socio #135 DNI=22315704-CATALAN, JUAN JOSE facturado 
02:00:06: Socio #132 DNI=22505620-LLITERAS, ADRIAN ALBERTO facturado 
02:00:06: Socio #105 DNI=22943550-REGGIANI, GUILLERMO facturado 
02:00:06: Socio #76 DNI=23289552-FURLAND, LEANDRO facturado 
02:00:06: Socio #136 DNI=23457617-CORVALAN, JUAN CRUZ facturado 
02:00:07: Socio #107 DNI=23574232-TOSO, GUILLERMO facturado 
02:00:07: Socio #112 DNI=24508101-ORTIZ, FERNANDO facturado 
02:00:07: Socio #109 DNI=24765258-MAZZA, SEBASTIAN facturado 
02:00:07: Socio #114 DNI=24765707-BIANCHIMANO, BETIANA facturado 
02:00:07: Socio #64 DNI=2546913-PIERUCCI, MABEL facturado 
02:00:07: Socio #110 DNI=26794368-ZENGARINI, DAMIAN facturado 
02:00:07: Socio #36 DNI=27331138-centani, jimena facturado 
02:00:07: Socio #124 DNI=32586844-FRISICALE, LUCIANO EMMANUEL facturado 
02:00:07: Socio #115 DNI=3288155-SITTIG, OSCAR E. facturado 
02:00:07: Socio #126 DNI=36327666-ZAMBORAIN, CAMILA facturado 
02:00:07: Socio #125 DNI=37555805-REDIVO, LUCIO facturado 
02:00:07: Socio #134 DNI=38231649-GABBARINI, MILENA facturado 
02:00:07: Socio #133 DNI=38550113-SUAREZ, MARIA FLORENCIA facturado 
02:00:07: Socio #127 DNI=39169520-WATTSON, FACUNDO facturado 
02:00:07: Socio #56 DNI=5090895-FRISICALE, LUCIANO facturado 
02:00:07: Socio #113 DNI=5110031-MARZIALRTTI, NILDA facturado 
02:00:07: Socio #103 DNI=5457472-COSCIA, HORACIO facturado 
02:00:07: Socio #82 DNI=5473020-BOCACCINI, ISMAEL facturado 
02:00:07: Socio #75 DNI=5477506-CIRILO, FRANCISCO facturado 
02:00:07: Socio #69 DNI=5482300-FLORES, ARNALDO facturado 
02:00:07: Socio #108 DNI=5484234-MARTIN, AUGUSTO ISMAEL facturado 
02:00:07: Socio #57 DNI=5505501-GUISADO, JUAN CARLOS facturado 
02:00:07: Socio #61 DNI=5510326-BUFFA, ALDO DANIEL facturado 
02:00:07: Socio #71 DNI=5516995-HORACIO, RUEDA facturado 
02:00:07: Socio #79 DNI=5536530-AMICI, RICARDO facturado 
02:00:07: Socio #111 DNI=5536702-NAGALI, CARLOS facturado 
02:00:07: Socio #77 DNI=6503711-RODRIGUEZ, ELDA facturado 
02:00:07: Socio #65 DNI=7371579-centani, CARLOS ALBERTO facturado 
02:00:07: Socio #122 DNI=8312026-SPINELLA, FRANCISCO facturado 
02:00:07: Socio #66 DNI=8700286-FRONTINI, LUIS facturado 
02:00:07: Cron Finalizado 
03:00:01 - Procesando 7-Club Pacifico\n03:00:01: Intento de ejecución de Cron Finalizado! 
04:00:01 - Procesando 7-Club Pacifico\n04:00:01: Intento de ejecución de Cron Finalizado! 
05:00:02 - Procesando 7-Club Pacifico\n05:00:02: Intento de ejecución de Cron Finalizado! 
06:00:02 - Procesando 7-Club Pacifico\n06:00:02: Intento de ejecución de Cron Finalizado! 
07:00:03 - Procesando 7-Club Pacifico\n07:00:03: Intento de ejecución de Cron Finalizado! 
