16:22:51 - Procesando 7-Club Pacifico\n2020-08-01 16:22:51: Inicio de Cron... 
16:22:51 - Truncate mails\n16:22:51 - Indicador facturado en 0 \n16:22:51 - Cambio de categoria mayor \n16:22:51: Se encontraron 26 socios a facturar 
16:22:51: Socio #62 DNI=10103044-RICHOTTI, JORGE facturado 
16:22:51: Socio #72 DNI=10103152-OJUNIAN, MARTA facturado 
16:22:51: Socio #58 DNI=10103192-PIROLA, SERGIO EDUARDO facturado 
16:22:51: Socio #73 DNI=12605375-STARKLOFF, OMAR facturado 
16:22:51: Socio #63 DNI=13227152-PIROLA, GUSTAVO facturado 
16:22:51: Socio #67 DNI=14780075-CONGET, ADRIAN facturado 
16:22:51: Socio #70 DNI=16206533-ALDUVINO, JULIO facturado 
16:22:51: Socio #74 DNI=16998328-REGGIANI, MARIA BELEN facturado 
16:22:51: Socio #78 DNI=17235135-PERELLO, NORMA facturado 
16:22:51: Socio #60 DNI=2072852-RICHOTTI, RAUL facturado 
16:22:51: Socio #59 DNI=2208226-GALASSI, NORBERTO facturado 
16:22:51: Socio #68 DNI=2217884-JOCANO, OSCAR facturado 
16:22:51: Socio #76 DNI=23289552-FURLAND, LEANDRO facturado 
16:22:51: Socio #64 DNI=2546913-PIERUCCI, MABEL facturado 
16:22:51: Socio #36 DNI=27331138-centani, jimena facturado 
16:22:51: Socio #56 DNI=5090895-FRISICALE, LUCIANO facturado 
16:22:51: Socio #82 DNI=5473020-BOCACCINI, ISMAEL facturado 
16:22:51: Socio #75 DNI=5477506-CIRILO, FRANCISCO facturado 
16:22:51: Socio #69 DNI=5482300-FLORES, ARNALDO facturado 
16:22:51: Socio #57 DNI=5505501-GUISADO, JUAN CARLOS facturado 
16:22:51: Socio #61 DNI=5510326-BUFFA, ALDO DANIEL facturado 
16:22:51: Socio #71 DNI=5516995-HORACIO, RUEDA facturado 
16:22:51: Socio #79 DNI=5536530-AMICI, RICARDO facturado 
16:22:51: Socio #77 DNI=6503711-RODRIGUEZ, ELDA facturado 
16:22:51: Socio #65 DNI=7373579-centani, CARLOS ALBERTO facturado 
16:22:51: Socio #66 DNI=8700286-FRONTINI, LUIS facturado 
16:22:51: Cron Finalizado 
