02:00:02 - Procesando 1-Club San Francisco\n2021-04-01 02:00:02: Inicio de Cron... 
02:00:03 - Truncate mails\n02:00:03 - Indicador facturado en 0 \n02:00:03 - Cambio de categoria mayor \n02:00:03: Se encontraron 46 socios a facturar 
02:00:04: Socio #29 DNI=27195057-Diez, Maria Fernanda facturado 
02:00:04: Socio #42 DNI=28741975-Pino, Ana Maria facturado 
02:00:04: Socio #87 DNI=44115692-RAMOS, DIEGO ROMAN facturado 
02:00:04: Socio #92 DNI=44115842-PICCADICI, MARIANO AGUSTIN facturado 
02:00:04: Socio #81 DNI=44128063-BAUER, TOMAS EZEQUIEL facturado 
02:00:04: Socio #89 DNI=44169534-SILISQUE, JUAN CARLOS facturado 
02:00:04: Socio #91 DNI=44242206-PAVEZ, THIAGO NAHUEL facturado 
02:00:04: Socio #82 DNI=44242210-ROMANELLI, DIEGO ARMANDO facturado 
02:00:04: Socio #85 DNI=44561849-FILIPPONI, VALENTINO ALEJANDRO facturado 
02:00:05: Socio #104 DNI=44561970-MATZ, AXEL NAZARENO facturado 
02:00:05: Socio #100 DNI=44882681-FUENTES, ALEXANDRO JORGE facturado 
02:00:05: Socio #95 DNI=44882713-RUST, AXEL NAHUEL facturado 
02:00:05: Socio #101 DNI=44958470-GONZALEZ, KEVIN DAMIAN facturado 
02:00:05: Socio #106 DNI=44958474-MORA, JUAN CRUZ facturado 
02:00:05: Socio #102 DNI=45064323-URRUTIA, TIZIANO facturado 
02:00:05: Socio #83 DNI=45188602-CISNEROS VERDUGO, MARTIN JAVIER facturado 
02:00:05: Socio #117 DNI=45376627-FRANCO BARRIENTOS, YAHVEH DARIO facturado 
02:00:05: Socio #97 DNI=45424128-MEDINA, ELIAS ADRIAN facturado 
02:00:05: Socio #88 DNI=45424215-ROMERO, SANTIAGO EZEQUIEL facturado 
02:00:05: Socio #115 DNI=45567947-CITTADINI, PABLO EMANUEL EMIR facturado 
02:00:05: Socio #110 DNI=45621095-CUCURULL, PEDRO facturado 
02:00:06: Socio #116 DNI=45781881-VALDEBENITO, LAUTARO TOBIAS facturado 
02:00:06: Socio #113 DNI=45906929-SARMIENTO, BRUNO SEBASTIAN facturado 
02:00:06: Socio #109 DNI=46016374-BRACAMONTE, BRAIAN ANDRES facturado 
02:00:06: Socio #124 DNI=46093584-DIAZ, HECTOR JESUS facturado 
02:00:06: Socio #125 DNI=46094035-ISNARDO, RENZO ADRIEL facturado 
02:00:06: Socio #108 DNI=46114694-CARDENAS, ALEXIS AGUSTIN facturado 
02:00:06: Socio #130 DNI=46198131-BARRIENTOS MUÑOZ, THIAGO facturado 
02:00:07: Socio #112 DNI=46268910-HERGISEIMER, AXEL URIEL facturado 
02:00:07: Socio #142 DNI=46435208-OCAMPO, TIAGO NICOLAS facturado 
02:00:07: Socio #135 DNI=46561228-MALDONADO, DYLAN DANIEL NICOLAS facturado 
02:00:07: Socio #143 DNI=46561386-RECALDE OCAMPO, RODRIGO facturado 
02:00:07: Socio #140 DNI=46573001-PERALTA, AGUSTÍN NICOLAS facturado 
02:00:07: Socio #145 DNI=46596638-LEDESMA, MATIAS EDUARDO facturado 
02:00:07: Socio #136 DNI=46743283-ARCOSTANZO, VALENTIN MATEO facturado 
02:00:07: Socio #141 DNI=46743390-CEJAS, SANTIAGO NICOLAS facturado 
02:00:07: Socio #137 DNI=46813409-TRONCOSO, ENZO ARIEL facturado 
02:00:07: Socio #138 DNI=46889594-SANCHEZ CONDELL, CLAUDIO EEQUIEL facturado 
02:00:07: Socio #139 DNI=46901802-LOPEZ, OSCAR NEHUEN facturado 
02:00:07: Socio #128 DNI=47013581-CABO, BRUNO MATIAS facturado 
02:00:08: Socio #265 DNI=47090829-CINGOLANI, LAUTARO EZEQUIEL facturado 
02:00:08: Socio #127 DNI=47117390-MISERANDINO, GIULIANO NICOLAS facturado 
02:00:08: Socio #262 DNI=47160601-OJEDA, ROBERTO ANDRES facturado 
02:00:08: Socio #263 DNI=47282168-GOMEZ, LUCIANO ANDRES facturado 
02:00:08: Socio #264 DNI=47516409-BRACAMONTE, ALEXIS NICOLAS facturado 
02:00:08: Socio #33 DNI=53598018-Achilli, Lautaro Leonel facturado 
02:00:08: Cron Finalizado 
03:00:02 - Procesando 1-Club San Francisco\n03:00:02: Intento de ejecución de Cron Finalizado! 
04:00:02 - Procesando 1-Club San Francisco\n04:00:02: Intento de ejecución de Cron Finalizado! 
05:00:02 - Procesando 1-Club San Francisco\n05:00:02: Intento de ejecución de Cron Finalizado! 
06:00:03 - Procesando 1-Club San Francisco\n06:00:03: Intento de ejecución de Cron Finalizado! 
07:00:08 - Procesando 1-Club San Francisco\n07:00:08: Intento de ejecución de Cron Finalizado! 
