02:00:38 - Procesando 8-Club Pacifico Cabildo\n2021-04-01 02:00:38: Inicio de Cron... 
02:00:39 - Truncate mails\n02:00:39 - Indicador facturado en 0 \n02:00:39 - Cambio de categoria mayor \n02:00:39: Se encontraron 45 socios a facturar 
02:00:39: Socio #428 DNI=13970402-Angelini, Jose Eduardo facturado 
02:00:39: Socio #415 DNI=14748545-Scaringi, Guillermo Nestor facturado 
02:00:39: Socio #417 DNI=16047636-Larregina, Claudio Alberto facturado 
02:00:39: Socio #431 DNI=20043060-Molini, Ricardo Hector facturado 
02:00:39: Socio #392 DNI=20043095-Angelini, Marcelo Hugo facturado 
02:00:39: Socio #404 DNI=20045767-Farabolini, Edgardo Jose facturado 
02:00:39: Socio #432 DNI=20046659-Barrera, Alicia Marcela facturado 
02:00:39: Socio #394 DNI=20561763-Angelini, Paola facturado 
02:00:39: Socio #395 DNI=21739265-Angelini, Sebastian facturado 
02:00:39: Socio #671 DNI=21929097-Rasmussen, Dario Ariel facturado 
02:00:39: Socio #435 DNI=22605883-Gismano, Jorgelina Laura facturado 
02:00:39: Socio #412 DNI=22847813-Carro, Sergio Damian facturado 
02:00:39: Socio #617 DNI=23121525-Gonard, Veronica facturado 
02:00:40: Socio #619 DNI=23629319-Martin, Gustavo Tobias facturado 
02:00:40: Socio #624 DNI=25453095-Cuevas, Daniela Carla facturado 
02:00:40: Socio #410 DNI=26172213-Porte, Alejandro Hernan facturado 
02:00:40: Socio #408 DNI=27090222-Rodriguez, Carlos Daniel facturado 
02:00:40: Socio #411 DNI=2914432628-Machado, Cristian Omar facturado 
02:00:40: Socio #405 DNI=30022214-Vogel, Jorge Emanuel facturado 
02:00:40: Socio #414 DNI=30022248-Villareal, Diego Nicolas facturado 
02:00:40: Socio #583 DNI=30772471-Laura Edith, Appelhanz facturado 
02:00:40: Socio #406 DNI=31611973-Fernandez, Daiana Lucia facturado 
02:00:40: Socio #398 DNI=32252998-Evangelista, Martin facturado 
02:00:40: Socio #434 DNI=33487711-Bulacio, Facundo José facturado 
02:00:41: Socio #429 DNI=33594141-Angelini, Jonathan Maximiliano facturado 
02:00:41: Socio #622 DNI=34172560-Carrera, Magali facturado 
02:00:41: Socio #594 DNI=34332890-Romanelli, Maria Amalia facturado 
02:00:41: Socio #418 DNI=34751877-Larregina, Fausto facturado 
02:00:41: Socio #416 DNI=35431951-Molini, Hernan facturado 
02:00:41: Socio #587 DNI=35431973-Recagno Romanelli, Estefania facturado 
02:00:41: Socio #621 DNI=36327806-Farabolini, Victoria facturado 
02:00:41: Socio #668 DNI=36329190-Alonso, Guillermo Ariel facturado 
02:00:41: Socio #396 DNI=36392122-Angelini, Emiliano facturado 
02:00:41: Socio #413 DNI=37050493-Molini, Evelyn facturado 
02:00:41: Socio #433 DNI=39516407-Molini, Ximena facturado 
02:00:41: Socio #427 DNI=4088665-Muzi, Nora Susana facturado 
02:00:41: Socio #407 DNI=41259004-Kistrup, Axel Manuel facturado 
02:00:41: Socio #402 DNI=41547124-Angelini, Renato facturado 
02:00:41: Socio #403 DNI=41686708-Farabolini, Guido facturado 
02:00:41: Socio #397 DNI=42117115-Angelini, Enzo facturado 
02:00:41: Socio #401 DNI=42490597-Angelini, Donato facturado 
02:00:42: Socio #436 DNI=44705506-Fontana, Romeo facturado 
02:00:42: Socio #426 DNI=5477102-Scaringi, Nestor facturado 
02:00:42: Socio #393 DNI=5502940-Angelini, Carlos Alberto facturado 
02:00:42: Socio #430 DNI=55039435-Angelini, Malena facturado 
02:00:42: Cron Finalizado 
03:00:02 - Procesando 8-Club Pacifico Cabildo\n03:00:02: Intento de ejecución de Cron Finalizado! 
04:00:02 - Procesando 8-Club Pacifico Cabildo\n04:00:02: Intento de ejecución de Cron Finalizado! 
05:00:02 - Procesando 8-Club Pacifico Cabildo\n05:00:02: Intento de ejecución de Cron Finalizado! 
06:00:03 - Procesando 8-Club Pacifico Cabildo\n06:00:03: Intento de ejecución de Cron Finalizado! 
07:00:09 - Procesando 8-Club Pacifico Cabildo\n07:00:09: Intento de ejecución de Cron Finalizado! 
